<?xml version="1.0" encoding="UTF-8"?>
<!-- Generated by org.testng.reporters.JUnitXMLReporter -->
<testsuite ignored="0" hostname="DSK-4052" failures="0" tests="5" name="Default test" time="513.007" errors="0" timestamp="2024-06-12T18:30:48 IST">
  <testcase classname="usedCar.HPNR.Acquisition_Quotes_HPNR_BCH_used_car_without_maintenance_Test" name="aquisition_quotes_used_car_OTR_calculation_without_maintenance_test" time="98.0"/>
  <testcase classname="usedCar.HPNR.Acquisition_Quotes_HPNR_BCH_used_car_without_maintenance_Test" name="aquisition_quotes_used_car_edit_cost_price_and_check_OTR_without_maintenance_test" time="0.001"/>
  <testcase classname="usedCar.HPNR.Acquisition_Quotes_HPNR_BCH_used_car_without_maintenance_Test" name="aquisition_quotes_used_car_holding_cost_calculations_without_maintenance_test" time="76.41"/>
  <testcase classname="usedCar.HPNR.Acquisition_Quotes_HPNR_BCH_used_car_without_maintenance_Test" name="aquisition_quotes_customer_quote_payment_profile_calculations_without_maintenance_test" time="65.785"/>
  <testcase classname="usedCar.HPNR.Acquisition_Quotes_HPNR_BCH_used_car_without_maintenance_Test" name="aquisition_quotes_quote_summary_values_verification_without_maintenance_test" time="245.492"/>
</testsuite> <!-- Default test -->
