<?xml version="1.0" encoding="UTF-8"?>
<!-- Generated by org.testng.reporters.JUnitXMLReporter -->
<testsuite ignored="162" hostname="DSK-4052" failures="9" tests="465" name="Acquisition New Car" time="40421.771" errors="0" timestamp="2024-06-12T07:51:04 IST">
  <testcase classname="newCar.BROKER.Acquisition_Quotes_Broker_FL_with_maintenance_Test" name="aquisition_quotes_user_flow_broker_pch_OTR_calculation_with_maintenance_test" time="123.902"/>
  <testcase classname="newCar.BROKER.Acquisition_Quotes_Broker_FL_with_maintenance_Test" name="aquisition_quotes_user_flow_broker_pch_after_discount_calculation_with_maintenance_test" time="4.596"/>
  <testcase classname="newCar.BROKER.Acquisition_Quotes_Broker_FL_with_maintenance_Test" name="aquisition_quotes_user_flow_broker_pch_funder_quote_addition_with_maintenance_test" time="26.533"/>
  <testcase classname="newCar.BROKER.Acquisition_Quotes_Broker_FL_with_maintenance_Test" name="aquisition_quotes_user_flow_broker_pch_quote_summary_calculation_with_maintenance_test" time="29.807"/>
  <testcase classname="newCar.CP.Acquisition_Quotes_CP_CP_without_maintenance_Test" name="aquisition_quotes_CP_CP_OTR_calculation_without_maintenance_test" time="114.947"/>
  <testcase classname="newCar.CP.Acquisition_Quotes_CP_CP_without_maintenance_Test" name="aquisition_quotes_CP_CP_after_discount_calculations_without_maintenance_test" time="4.27"/>
  <testcase classname="newCar.CP.Acquisition_Quotes_CP_CP_without_maintenance_Test" name="aquisition_quotes_CP_CP_holding_cost_calculations_without_maintenance_test" time="40.316"/>
  <testcase classname="newCar.CP.Acquisition_Quotes_CP_CP_without_maintenance_Test" name="aquisition_quotes_CP_CP_customer_quote_calculations_check_monthly_finance_payment_without_maintenance_test" time="97.606"/>
  <testcase classname="newCar.CP.Acquisition_Quotes_CP_CP_without_maintenance_Test" name="aquisition_quotes_CP_CP_customer_quote_vehicle_profit_edit_check_without_maintenance_test" time="45.422"/>
  <testcase classname="newCar.CP.Acquisition_Quotes_CP_CP_without_maintenance_Test" name="aquisition_quotes_CP_CP_customer_quote_part_exchange_value_edit_check_without_maintenance_test" time="59.215"/>
  <testcase classname="newCar.CP.Acquisition_Quotes_CP_CP_without_maintenance_Test" name="aquisition_quotes_CP_CP_quote_summary_values_verification_without_maintenance_test" time="278.302"/>
  <testcase classname="newCar.CP.Acquisition_Quotes_CP_PCH_without_maintenance_Test" name="aquisition_quotes_CP_PCH_OTR_calculation_without_maintenance_test" time="115.176"/>
  <testcase classname="newCar.CP.Acquisition_Quotes_CP_PCH_without_maintenance_Test" name="aquisition_quotes_CP_PCH_after_discount_calculations_without_maintenance_test" time="4.149"/>
  <testcase classname="newCar.CP.Acquisition_Quotes_CP_PCH_without_maintenance_Test" name="aquisition_quotes_CP_PCH_holding_cost_calculations_without_maintenance_test" time="55.753"/>
  <testcase classname="newCar.CP.Acquisition_Quotes_CP_PCH_without_maintenance_Test" name="aquisition_quotes_CP_PCH_customer_quote_payment_profile_calculations_without_maintenance_test" time="183.852"/>
  <testcase classname="newCar.CP.Acquisition_Quotes_CP_PCH_without_maintenance_Test" name="aquisition_quotes_CP_PCH_quote_summary_values_verification_without_maintenance_test" time="119.811">
    <failure type="org.openqa.selenium.ElementClickInterceptedException" message="element click intercepted: Element &amp;lt;p style=&amp;quot; border: 1px solid white;&amp;quot;&amp;gt;...&amp;lt;/p&amp;gt; is not clickable at point (784, 98). Other element would receive the click: &amp;lt;div _ngcontent-cwd-c1=&amp;quot;&amp;quot; class=&amp;quot;showbox_wrp loader-DetailTabs&amp;quot;&amp;gt;...&amp;lt;/div&amp;gt;
  (Session info: chrome=125.0.6422.142)
Build info: version: &amp;apos;4.1.0&amp;apos;, revision: &amp;apos;87802e897b&amp;apos;
System info: host: &amp;apos;DSK-4052&amp;apos;, ip: &amp;apos;172.16.1.80&amp;apos;, os.name: &amp;apos;Windows 10&amp;apos;, os.arch: &amp;apos;amd64&amp;apos;, os.version: &amp;apos;10.0&amp;apos;, java.version: &amp;apos;19.0.1&amp;apos;
Driver info: org.openqa.selenium.chrome.ChromeDriver
Command: [a0ba5bb233ceec4186307206baa352d7, clickElement {id=f.742C68DCBFA53FC0554BE82BE6360C51.d.03150312843CD40BBDBDB4021B11E5CF.e.1571}]
Capabilities {acceptInsecureCerts: false, browserName: chrome, browserVersion: 125.0.6422.142, chrome: {chromedriverVersion: 125.0.6422.141 (4b1e8393712..., userDataDir: C:\Users\NITEIN~1.KUR\AppDa...}, fedcm:accounts: true, goog:chromeOptions: {debuggerAddress: localhost:50237}, javascriptEnabled: true, networkConnectionEnabled: false, pageLoadStrategy: normal, platform: WINDOWS, platformName: WINDOWS, proxy: Proxy(), se:cdp: ws://localhost:50237/devtoo..., se:cdpVersion: 125.0.6422.142, setWindowRect: true, strictFileInteractability: false, timeouts: {implicit: 0, pageLoad: 300000, script: 30000}, unhandledPromptBehavior: dismiss and notify, webauthn:extension:credBlob: true, webauthn:extension:largeBlob: true, webauthn:extension:minPinLength: true, webauthn:extension:prf: true, webauthn:virtualAuthenticators: true}
Element: [[ChromeDriver: chrome on WINDOWS (a0ba5bb233ceec4186307206baa352d7)] -&amp;gt; xpath: //p[normalize-space()=&amp;apos;Quote summary&amp;apos;]]
Session ID: a0ba5bb233ceec4186307206baa352d7">
      <![CDATA[org.openqa.selenium.ElementClickInterceptedException: element click intercepted: Element <p style=" border: 1px solid white;">...</p> is not clickable at point (784, 98). Other element would receive the click: <div _ngcontent-cwd-c1="" class="showbox_wrp loader-DetailTabs">...</div>
  (Session info: chrome=125.0.6422.142)
Build info: version: '4.1.0', revision: '87802e897b'
System info: host: 'DSK-4052', ip: '172.16.1.80', os.name: 'Windows 10', os.arch: 'amd64', os.version: '10.0', java.version: '19.0.1'
Driver info: org.openqa.selenium.chrome.ChromeDriver
Command: [a0ba5bb233ceec4186307206baa352d7, clickElement {id=f.742C68DCBFA53FC0554BE82BE6360C51.d.03150312843CD40BBDBDB4021B11E5CF.e.1571}]
Capabilities {acceptInsecureCerts: false, browserName: chrome, browserVersion: 125.0.6422.142, chrome: {chromedriverVersion: 125.0.6422.141 (4b1e8393712..., userDataDir: C:\Users\NITEIN~1.KUR\AppDa...}, fedcm:accounts: true, goog:chromeOptions: {debuggerAddress: localhost:50237}, javascriptEnabled: true, networkConnectionEnabled: false, pageLoadStrategy: normal, platform: WINDOWS, platformName: WINDOWS, proxy: Proxy(), se:cdp: ws://localhost:50237/devtoo..., se:cdpVersion: 125.0.6422.142, setWindowRect: true, strictFileInteractability: false, timeouts: {implicit: 0, pageLoad: 300000, script: 30000}, unhandledPromptBehavior: dismiss and notify, webauthn:extension:credBlob: true, webauthn:extension:largeBlob: true, webauthn:extension:minPinLength: true, webauthn:extension:prf: true, webauthn:virtualAuthenticators: true}
Element: [[ChromeDriver: chrome on WINDOWS (a0ba5bb233ceec4186307206baa352d7)] -> xpath: //p[normalize-space()='Quote summary']]
Session ID: a0ba5bb233ceec4186307206baa352d7
at org.openqa.selenium.remote.codec.w3c.W3CHttpResponseCodec.createException(W3CHttpResponseCodec.java:200)
at org.openqa.selenium.remote.codec.w3c.W3CHttpResponseCodec.decode(W3CHttpResponseCodec.java:133)
at org.openqa.selenium.remote.codec.w3c.W3CHttpResponseCodec.decode(W3CHttpResponseCodec.java:53)
at org.openqa.selenium.remote.HttpCommandExecutor.execute(HttpCommandExecutor.java:184)
at org.openqa.selenium.remote.service.DriverCommandExecutor.invokeExecute(DriverCommandExecutor.java:164)
at org.openqa.selenium.remote.service.DriverCommandExecutor.execute(DriverCommandExecutor.java:139)
at org.openqa.selenium.remote.RemoteWebDriver.execute(RemoteWebDriver.java:559)
at org.openqa.selenium.remote.RemoteWebElement.execute(RemoteWebElement.java:251)
at org.openqa.selenium.remote.RemoteWebElement.click(RemoteWebElement.java:77)
at org.openqa.selenium.support.pagefactory.internal.LocatingElementHandler.invoke(LocatingElementHandler.java:52)
at jdk.proxy2/jdk.proxy2.$Proxy23.click(Unknown Source)
at com.amt.testUtil.Click.on(Click.java:22)
at com.amt.QuoteSummaryPages.QuoteSummary_CP_PCH_Page.quote_summary_OTR_calculation(QuoteSummary_CP_PCH_Page.java:339)
at newCar.CP.Acquisition_Quotes_CP_PCH_without_maintenance_Test.aquisition_quotes_CP_PCH_quote_summary_values_verification_without_maintenance_test(Acquisition_Quotes_CP_PCH_without_maintenance_Test.java:182)
at java.base/java.util.ArrayList.forEach(ArrayList.java:1511)
... Removed 30 stack frames]]>
    </failure>
  </testcase> <!-- aquisition_quotes_CP_PCH_quote_summary_values_verification_without_maintenance_test -->
  <testcase classname="newCar.HPNR.Acquisition_Quotes_HPNR_PCP_with_funder_quote_addition_with_maintenance_Test" name="aquisition_quotes_HPNR_PCP_OTR_calculation_with_maintenance_test" time="116.889"/>
  <testcase classname="newCar.HPNR.Acquisition_Quotes_HPNR_PCP_with_funder_quote_addition_with_maintenance_Test" name="aquisition_quotes_HPNR_PCP_after_discount_calculations_with_maintenance_test" time="4.223"/>
  <testcase classname="newCar.HPNR.Acquisition_Quotes_HPNR_PCP_with_funder_quote_addition_with_maintenance_Test" name="aquisition_quotes_HPNR_PCP_holding_cost_calculations_with_maintenance_test" time="28.776"/>
  <testcase classname="newCar.HPNR.Acquisition_Quotes_HPNR_PCP_with_funder_quote_addition_with_maintenance_Test" name="aquisition_quotes_HPNR_PCP_customer_quote_calculations_check_monthly_finance_payment_with_maintenance_test" time="52.373"/>
  <testcase classname="newCar.HPNR.Acquisition_Quotes_HPNR_PCP_with_funder_quote_addition_with_maintenance_Test" name="aquisition_quotes_HPNR_PCP_quote_summary_values_verification_with_maintenance_test" time="258.882"/>
  <testcase classname="newCar.BCH.Acquisition_Quotes_BCH_BCH_without_maintenance_Test" name="aquisition_quotes_BCH_BCH_OTR_calculation_without_maintenance_test" time="128.857"/>
  <testcase classname="newCar.BCH.Acquisition_Quotes_BCH_BCH_without_maintenance_Test" name="aquisition_quotes_BCH_BCH_after_discount_calculations_without_maintenance_test" time="4.389"/>
  <testcase classname="newCar.BCH.Acquisition_Quotes_BCH_BCH_without_maintenance_Test" name="aquisition_quotes_BCH_BCH_holding_cost_calculations_without_maintenance_test" time="23.384"/>
  <testcase classname="newCar.BCH.Acquisition_Quotes_BCH_BCH_without_maintenance_Test" name="aquisition_quotes_BCH_BCH_customer_quote_payment_profile_calculations_without_maintenance_test" time="193.141"/>
  <testcase classname="newCar.BCH.Acquisition_Quotes_BCH_BCH_without_maintenance_Test" name="aquisition_quotes_BCH_BCH_quote_summary_values_verification_without_maintenance_test" time="205.306"/>
  <testcase classname="newCar.OP.Acquisition_Quotes_Outright_HPNR_with_maintenance_Test" name="aquisition_quotes_outright_HPNR_OTR_calculation_with_maintenance_test" time="115.127"/>
  <testcase classname="newCar.OP.Acquisition_Quotes_Outright_HPNR_with_maintenance_Test" name="aquisition_quotes_outright_HPNR_after_discount_calculations_with_maintenance_test" time="4.28"/>
  <testcase classname="newCar.OP.Acquisition_Quotes_Outright_HPNR_with_maintenance_Test" name="aquisition_quotes_outright_HPNR_holding_cost_calculations_with_maintenance_test" time="53.881"/>
  <testcase classname="newCar.OP.Acquisition_Quotes_Outright_HPNR_with_maintenance_Test" name="aquisition_quotes_outright_HPNR_customer_quote_calculations_check_monthly_finance_payment_with_maintenance_test" time="132.649"/>
  <testcase classname="newCar.OP.Acquisition_Quotes_Outright_HPNR_with_maintenance_Test" name="aquisition_quotes_outright_HPNR_customer_quote_vehicle_profit_edit_check_with_maintenance_test" time="43.94"/>
  <testcase classname="newCar.OP.Acquisition_Quotes_Outright_HPNR_with_maintenance_Test" name="aquisition_quotes_outright_HPNR_customer_quote_part_exchange_value_edit_check_with_maintenance_test" time="48.246"/>
  <testcase classname="newCar.OP.Acquisition_Quotes_Outright_HPNR_with_maintenance_Test" name="aquisition_quotes_outright_HPNR_customer_quote_monthly_finance_payment_after_balloon_payment_off_with_maintenance_test" time="24.148"/>
  <testcase classname="newCar.OP.Acquisition_Quotes_Outright_HPNR_with_maintenance_Test" name="aquisition_quotes_outright_HPNR_quote_summary_values_verification_with_maintenance_test" time="150.513"/>
  <testcase classname="newCar.HPNR.Acquisition_Quotes_HPNR_FL_with_maintenance_Test" name="aquisition_quotes_HPNR_FL_OTR_calculation_with_maintenance_test" time="114.297"/>
  <testcase classname="newCar.HPNR.Acquisition_Quotes_HPNR_FL_with_maintenance_Test" name="aquisition_quotes_HPNR_FL_after_discount_calculations_with_maintenance_test" time="4.07"/>
  <testcase classname="newCar.HPNR.Acquisition_Quotes_HPNR_FL_with_maintenance_Test" name="aquisition_quotes_HPNR_FL_other_support_check_with_maintenance_test" time="21.765"/>
  <testcase classname="newCar.HPNR.Acquisition_Quotes_HPNR_FL_with_maintenance_Test" name="aquisition_quotes_HPNR_FL_holding_cost_calculations_with_maintenance_test" time="75.535"/>
  <testcase classname="newCar.HPNR.Acquisition_Quotes_HPNR_FL_with_maintenance_Test" name="aquisition_quotes_HPNR_FL_customer_quote_payment_profile_calculations_with_maintenance_test" time="120.806"/>
  <testcase classname="newCar.HPNR.Acquisition_Quotes_HPNR_FL_with_maintenance_Test" name="aquisition_quotes_HPNR_FL_quote_summary_values_verification_with_maintenance_test" time="123.626">
    <failure type="java.lang.AssertionError" message="expected [true] but found [false]">
      <![CDATA[java.lang.AssertionError: expected [true] but found [false]
at newCar.HPNR.Acquisition_Quotes_HPNR_FL_with_maintenance_Test.aquisition_quotes_HPNR_FL_quote_summary_values_verification_with_maintenance_test(Acquisition_Quotes_HPNR_FL_with_maintenance_Test.java:343)
at java.base/java.util.ArrayList.forEach(ArrayList.java:1511)
... Removed 29 stack frames]]>
    </failure>
  </testcase> <!-- aquisition_quotes_HPNR_FL_quote_summary_values_verification_with_maintenance_test -->
  <testcase classname="newCar.OP.Acquisition_Quotes_Outright_BCH_with_maintenance_Test" name="aquisition_quotes_outright_BCH_OTR_calculation_with_maintenance_test" time="115.752"/>
  <testcase classname="newCar.OP.Acquisition_Quotes_Outright_BCH_with_maintenance_Test" name="aquisition_quotes_outright_BCH_after_discount_calculations_with_maintenance_test" time="4.236"/>
  <testcase classname="newCar.OP.Acquisition_Quotes_Outright_BCH_with_maintenance_Test" name="aquisition_quotes_outright_BCH_other_support_check_with_maintenance_test" time="21.627"/>
  <testcase classname="newCar.OP.Acquisition_Quotes_Outright_BCH_with_maintenance_Test" name="aquisition_quotes_outright_BCH_holding_cost_calculations_with_maintenance_test" time="73.312"/>
  <testcase classname="newCar.OP.Acquisition_Quotes_Outright_BCH_with_maintenance_Test" name="aquisition_quotes_outright_BCH_customer_quote_payment_profile_calculations_with_maintenance_test" time="106.49"/>
  <testcase classname="newCar.OP.Acquisition_Quotes_Outright_BCH_with_maintenance_Test" name="aquisition_quotes_outright_BCH_quote_summary_values_verification_with_maintenance_test" time="149.361"/>
  <testcase classname="newCar.HPNR.Acquisition_Quotes_HPNR_HPR_with_maintenance_Test" name="aquisition_quotes_HPNR_HPR_OTR_calculation_with_maintenance_test" time="115.196"/>
  <testcase classname="newCar.HPNR.Acquisition_Quotes_HPNR_HPR_with_maintenance_Test" name="aquisition_quotes_HPNR_HPR_after_discount_calculations_with_maintenance_test" time="3.924"/>
  <testcase classname="newCar.HPNR.Acquisition_Quotes_HPNR_HPR_with_maintenance_Test" name="aquisition_quotes_HPNR_HPR_holding_cost_calculations_with_maintenance_test" time="50.559"/>
  <testcase classname="newCar.HPNR.Acquisition_Quotes_HPNR_HPR_with_maintenance_Test" name="aquisition_quotes_HPNR_HPR_customer_quote_calculations_check_monthly_finance_payment_with_maintenance_test" time="128.034"/>
  <testcase classname="newCar.HPNR.Acquisition_Quotes_HPNR_HPR_with_maintenance_Test" name="aquisition_quotes_HPNR_HPR_customer_quote_vehicle_profit_edit_check_with_maintenance_test" time="44.592"/>
  <testcase classname="newCar.HPNR.Acquisition_Quotes_HPNR_HPR_with_maintenance_Test" name="aquisition_quotes_HPNR_HPR_customer_quote_part_exchange_value_edit_check_with_maintenance_test" time="48.121"/>
  <testcase classname="newCar.HPNR.Acquisition_Quotes_HPNR_HPR_with_maintenance_Test" name="aquisition_quotes_HPNR_HPR_customer_quote_monthly_finance_payment_after_balloon_payment_off_with_maintenance_test" time="24.169"/>
  <testcase classname="newCar.HPNR.Acquisition_Quotes_HPNR_HPR_with_maintenance_Test" name="aquisition_quotes_HPNR_HPR_quote_summary_values_verification_with_maintenance_test" time="290.618"/>
  <testcase classname="newCar.FL.Acquisition_Quotes_FL_PCH_without_maintenance_Test" name="aquisition_quotes_FL_PCH_OTR_calculation_without_maintenance_test" time="113.144"/>
  <testcase classname="newCar.FL.Acquisition_Quotes_FL_PCH_without_maintenance_Test" name="aquisition_quotes_FL_PCH_after_discount_calculations_without_maintenance_test" time="4.1"/>
  <testcase classname="newCar.FL.Acquisition_Quotes_FL_PCH_without_maintenance_Test" name="aquisition_quotes_FL_PCH_holding_cost_calculations_without_maintenance_test" time="56.502"/>
  <testcase classname="newCar.FL.Acquisition_Quotes_FL_PCH_without_maintenance_Test" name="aquisition_quotes_FL_PCH_customer_quote_payment_profile_calculations_without_maintenance_test" time="69.006"/>
  <testcase classname="newCar.FL.Acquisition_Quotes_FL_PCH_without_maintenance_Test" name="aquisition_quotes_FL_PCH_quote_summary_values_verification_without_maintenance_test" time="217.538"/>
  <testcase classname="newCar.BROKER.Acquisition_Quotes_Broker_HPR_Test" name="aquisition_quotes_user_flow_broker_HPR_OTR_calculation" time="124.063"/>
  <testcase classname="newCar.BROKER.Acquisition_Quotes_Broker_HPR_Test" name="aquisition_quotes_user_flow_broker_HPR_after_discount_calculations_test" time="3.914"/>
  <testcase classname="newCar.BROKER.Acquisition_Quotes_Broker_HPR_Test" name="aquisition_quotes_user_flow_broker_HPR_vehicle_profit_check_test" time="20.442"/>
  <testcase classname="newCar.BROKER.Acquisition_Quotes_Broker_HPR_Test" name="aquisition_quotes_user_flow_broker_HPR_balance_to_finance_check_test" time="24.111"/>
  <testcase classname="newCar.BROKER.Acquisition_Quotes_Broker_HPR_Test" name="aquisition_quotes_user_flow_broker_HPR_quote_summary_values_verification_test" time="18.646"/>
  <testcase classname="newCar.FL.Acquisition_Quotes_FL_FL_without_maintenance_Test" name="aquisition_quotes_FL_FL_OTR_calculation_without_maintenance_test" time="117.628"/>
  <testcase classname="newCar.FL.Acquisition_Quotes_FL_FL_without_maintenance_Test" name="aquisition_quotes_FL_FL_after_discount_calculations_without_maintenance_test" time="3.967"/>
  <testcase classname="newCar.FL.Acquisition_Quotes_FL_FL_without_maintenance_Test" name="aquisition_quotes_FL_FL_holding_cost_calculations_without_maintenance_test" time="56.392"/>
  <testcase classname="newCar.FL.Acquisition_Quotes_FL_FL_without_maintenance_Test" name="aquisition_quotes_FL_FL_customer_quote_payment_profile_calculations_without_maintenance_test" time="88.791"/>
  <testcase classname="newCar.FL.Acquisition_Quotes_FL_FL_without_maintenance_Test" name="aquisition_quotes_FL_FL_quote_summary_values_verification_without_maintenance_test" time="215.231"/>
  <testcase classname="newCar.BCH.Acquisition_Quotes_BCH_BCH_with_maintenance_Test" name="aquisition_quotes_BCH_BCH_OTR_calculation_with_maintenance_test" time="114.196"/>
  <testcase classname="newCar.BCH.Acquisition_Quotes_BCH_BCH_with_maintenance_Test" name="aquisition_quotes_BCH_BCH_after_discount_calculations_with_maintenance_test" time="4.061"/>
  <testcase classname="newCar.BCH.Acquisition_Quotes_BCH_BCH_with_maintenance_Test" name="aquisition_quotes_BCH_BCH_holding_cost_calculations_with_maintenance_test" time="30.201"/>
  <testcase classname="newCar.BCH.Acquisition_Quotes_BCH_BCH_with_maintenance_Test" name="aquisition_quotes_BCH_BCH_customer_quote_payment_profile_calculations_with_maintenance_test" time="104.343"/>
  <testcase classname="newCar.BCH.Acquisition_Quotes_BCH_BCH_with_maintenance_Test" name="aquisition_quotes_BCH_BCH_quote_summary_values_verification_with_maintenance_test" time="218.381">
    <failure type="org.openqa.selenium.ElementClickInterceptedException" message="element click intercepted: Element &amp;lt;div class=&amp;quot;acc-head&amp;quot; style=&amp;quot; border: 1px solid white;&amp;quot;&amp;gt;...&amp;lt;/div&amp;gt; is not clickable at point (805, 730). Other element would receive the click: &amp;lt;div _ngcontent-lui-c1=&amp;quot;&amp;quot; class=&amp;quot;loader_div&amp;quot;&amp;gt;...&amp;lt;/div&amp;gt;
  (Session info: chrome=125.0.6422.142)
Build info: version: &amp;apos;4.1.0&amp;apos;, revision: &amp;apos;87802e897b&amp;apos;
System info: host: &amp;apos;DSK-4052&amp;apos;, ip: &amp;apos;172.16.1.80&amp;apos;, os.name: &amp;apos;Windows 10&amp;apos;, os.arch: &amp;apos;amd64&amp;apos;, os.version: &amp;apos;10.0&amp;apos;, java.version: &amp;apos;19.0.1&amp;apos;
Driver info: org.openqa.selenium.chrome.ChromeDriver
Command: [55c6f28687c23c1a66d6d3618f4cddab, clickElement {id=f.9091863F051B8EEBBE9F5334613C68EB.d.220FE177F21A3DE9041B7D139E8C09F0.e.2070}]
Capabilities {acceptInsecureCerts: false, browserName: chrome, browserVersion: 125.0.6422.142, chrome: {chromedriverVersion: 125.0.6422.141 (4b1e8393712..., userDataDir: C:\Users\NITEIN~1.KUR\AppDa...}, fedcm:accounts: true, goog:chromeOptions: {debuggerAddress: localhost:51582}, javascriptEnabled: true, networkConnectionEnabled: false, pageLoadStrategy: normal, platform: WINDOWS, platformName: WINDOWS, proxy: Proxy(), se:cdp: ws://localhost:51582/devtoo..., se:cdpVersion: 125.0.6422.142, setWindowRect: true, strictFileInteractability: false, timeouts: {implicit: 0, pageLoad: 300000, script: 30000}, unhandledPromptBehavior: dismiss and notify, webauthn:extension:credBlob: true, webauthn:extension:largeBlob: true, webauthn:extension:minPinLength: true, webauthn:extension:prf: true, webauthn:virtualAuthenticators: true}
Element: [[ChromeDriver: chrome on WINDOWS (55c6f28687c23c1a66d6d3618f4cddab)] -&amp;gt; xpath: //*[@id=&amp;apos;headingCustomerQuote&amp;apos;]/div[1]/button/div]
Session ID: 55c6f28687c23c1a66d6d3618f4cddab">
      <![CDATA[org.openqa.selenium.ElementClickInterceptedException: element click intercepted: Element <div class="acc-head" style=" border: 1px solid white;">...</div> is not clickable at point (805, 730). Other element would receive the click: <div _ngcontent-lui-c1="" class="loader_div">...</div>
  (Session info: chrome=125.0.6422.142)
Build info: version: '4.1.0', revision: '87802e897b'
System info: host: 'DSK-4052', ip: '172.16.1.80', os.name: 'Windows 10', os.arch: 'amd64', os.version: '10.0', java.version: '19.0.1'
Driver info: org.openqa.selenium.chrome.ChromeDriver
Command: [55c6f28687c23c1a66d6d3618f4cddab, clickElement {id=f.9091863F051B8EEBBE9F5334613C68EB.d.220FE177F21A3DE9041B7D139E8C09F0.e.2070}]
Capabilities {acceptInsecureCerts: false, browserName: chrome, browserVersion: 125.0.6422.142, chrome: {chromedriverVersion: 125.0.6422.141 (4b1e8393712..., userDataDir: C:\Users\NITEIN~1.KUR\AppDa...}, fedcm:accounts: true, goog:chromeOptions: {debuggerAddress: localhost:51582}, javascriptEnabled: true, networkConnectionEnabled: false, pageLoadStrategy: normal, platform: WINDOWS, platformName: WINDOWS, proxy: Proxy(), se:cdp: ws://localhost:51582/devtoo..., se:cdpVersion: 125.0.6422.142, setWindowRect: true, strictFileInteractability: false, timeouts: {implicit: 0, pageLoad: 300000, script: 30000}, unhandledPromptBehavior: dismiss and notify, webauthn:extension:credBlob: true, webauthn:extension:largeBlob: true, webauthn:extension:minPinLength: true, webauthn:extension:prf: true, webauthn:virtualAuthenticators: true}
Element: [[ChromeDriver: chrome on WINDOWS (55c6f28687c23c1a66d6d3618f4cddab)] -> xpath: //*[@id='headingCustomerQuote']/div[1]/button/div]
Session ID: 55c6f28687c23c1a66d6d3618f4cddab
at org.openqa.selenium.remote.codec.w3c.W3CHttpResponseCodec.createException(W3CHttpResponseCodec.java:200)
at org.openqa.selenium.remote.codec.w3c.W3CHttpResponseCodec.decode(W3CHttpResponseCodec.java:133)
at org.openqa.selenium.remote.codec.w3c.W3CHttpResponseCodec.decode(W3CHttpResponseCodec.java:53)
at org.openqa.selenium.remote.HttpCommandExecutor.execute(HttpCommandExecutor.java:184)
at org.openqa.selenium.remote.service.DriverCommandExecutor.invokeExecute(DriverCommandExecutor.java:164)
at org.openqa.selenium.remote.service.DriverCommandExecutor.execute(DriverCommandExecutor.java:139)
at org.openqa.selenium.remote.RemoteWebDriver.execute(RemoteWebDriver.java:559)
at org.openqa.selenium.remote.RemoteWebElement.execute(RemoteWebElement.java:251)
at org.openqa.selenium.remote.RemoteWebElement.click(RemoteWebElement.java:77)
at org.openqa.selenium.support.pagefactory.internal.LocatingElementHandler.invoke(LocatingElementHandler.java:52)
at jdk.proxy2/jdk.proxy2.$Proxy23.click(Unknown Source)
at com.amt.testUtil.Click.on(Click.java:22)
at com.amt.QuoteSummaryPages.QuoteSummary_BCH_BCH_Page.quote_summary_edit_finance_margin_value_verification(QuoteSummary_BCH_BCH_Page.java:1625)
at newCar.BCH.Acquisition_Quotes_BCH_BCH_with_maintenance_Test.aquisition_quotes_BCH_BCH_quote_summary_values_verification_with_maintenance_test(Acquisition_Quotes_BCH_BCH_with_maintenance_Test.java:268)
at java.base/java.util.ArrayList.forEach(ArrayList.java:1511)
... Removed 30 stack frames]]>
    </failure>
  </testcase> <!-- aquisition_quotes_BCH_BCH_quote_summary_values_verification_with_maintenance_test -->
  <testcase classname="newCar.FL.Acquisition_Quotes_FL_FL_with_funder_quote_addition_without_maintenance_Test" name="aquisition_quotes_FL_FL_OTR_calculation_without_maintenance_test" time="114.259"/>
  <testcase classname="newCar.FL.Acquisition_Quotes_FL_FL_with_funder_quote_addition_without_maintenance_Test" name="aquisition_quotes_FL_FL_after_discount_calculations_without_maintenance_test" time="4.041"/>
  <testcase classname="newCar.FL.Acquisition_Quotes_FL_FL_with_funder_quote_addition_without_maintenance_Test" name="aquisition_quotes_FL_FL_holding_cost_calculations_without_maintenance_test" time="27.043"/>
  <testcase classname="newCar.FL.Acquisition_Quotes_FL_FL_with_funder_quote_addition_without_maintenance_Test" name="aquisition_quotes_FL_FL_customer_quote_payment_profile_calculations_without_maintenance_test" time="68.992"/>
  <testcase classname="newCar.FL.Acquisition_Quotes_FL_FL_with_funder_quote_addition_without_maintenance_Test" name="aquisition_quotes_FL_FL_quote_summary_values_verification_without_maintenance_test" time="188.508"/>
  <testcase classname="newCar.CP.Acquisition_Quotes_CP_PCP_with_funder_quote_addition_with_maintenance_Test" name="aquisition_quotes_CP_PCP_OTR_calculation_with_maintenance_test" time="114.926"/>
  <testcase classname="newCar.CP.Acquisition_Quotes_CP_PCP_with_funder_quote_addition_with_maintenance_Test" name="aquisition_quotes_CP_PCP_after_discount_calculations_with_maintenance_test" time="4.007"/>
  <testcase classname="newCar.CP.Acquisition_Quotes_CP_PCP_with_funder_quote_addition_with_maintenance_Test" name="aquisition_quotes_CP_PCP_holding_cost_calculations_with_maintenance_test" time="45.483"/>
  <testcase classname="newCar.CP.Acquisition_Quotes_CP_PCP_with_funder_quote_addition_with_maintenance_Test" name="aquisition_quotes_CP_PCP_customer_quote_calculations_check_monthly_finance_payment_with_maintenance_test" time="41.539"/>
  <testcase classname="newCar.CP.Acquisition_Quotes_CP_PCP_with_funder_quote_addition_with_maintenance_Test" name="aquisition_quotes_CP_PCP_quote_summary_values_verification_with_maintenance_test" time="244.904"/>
  <testcase classname="newCar.HPNR.Acquisition_Quotes_HPNR_HPR_with_funder_quote_addition_with_maintenance_Test" name="aquisition_quotes_HPNR_HPR_OTR_calculation_with_maintenance_test" time="119.355"/>
  <testcase classname="newCar.HPNR.Acquisition_Quotes_HPNR_HPR_with_funder_quote_addition_with_maintenance_Test" name="aquisition_quotes_HPNR_HPR_after_discount_calculations_with_maintenance_test" time="3.931"/>
  <testcase classname="newCar.HPNR.Acquisition_Quotes_HPNR_HPR_with_funder_quote_addition_with_maintenance_Test" name="aquisition_quotes_HPNR_HPR_holding_cost_calculations_with_maintenance_test" time="26.975"/>
  <testcase classname="newCar.HPNR.Acquisition_Quotes_HPNR_HPR_with_funder_quote_addition_with_maintenance_Test" name="aquisition_quotes_HPNR_HPR_customer_quote_calculations_check_monthly_finance_payment_with_maintenance_test" time="58.962"/>
  <testcase classname="newCar.HPNR.Acquisition_Quotes_HPNR_HPR_with_funder_quote_addition_with_maintenance_Test" name="aquisition_quotes_HPNR_HPR_customer_quote_monthly_total_payment_after_balloon_payment_off_with_maintenance_test" time="23.063"/>
  <testcase classname="newCar.HPNR.Acquisition_Quotes_HPNR_HPR_with_funder_quote_addition_with_maintenance_Test" name="aquisition_quotes_HPNR_HPR_quote_summary_values_verification_with_maintenance_test" time="261.026"/>
  <testcase classname="newCar.OP.Acquisition_Quotes_Outright_FL_without_maintenance_Test" name="aquisition_quotes_outright_FL_OTR_calculation_without_maintenance_test" time="115.719"/>
  <testcase classname="newCar.OP.Acquisition_Quotes_Outright_FL_without_maintenance_Test" name="aquisition_quotes_outright_FL_after_discount_calculations_without_maintenance_test" time="3.96"/>
  <testcase classname="newCar.OP.Acquisition_Quotes_Outright_FL_without_maintenance_Test" name="aquisition_quotes_outright_FL_other_support_check_without_maintenance_test" time="21.696"/>
  <testcase classname="newCar.OP.Acquisition_Quotes_Outright_FL_without_maintenance_Test" name="aquisition_quotes_outright_FL_holding_cost_calculations_without_maintenance_test" time="52.217"/>
  <testcase classname="newCar.OP.Acquisition_Quotes_Outright_FL_without_maintenance_Test" name="aquisition_quotes_outright_FL_customer_quote_payment_profile_calculations_without_maintenance_test" time="84.812"/>
  <testcase classname="newCar.OP.Acquisition_Quotes_Outright_FL_without_maintenance_Test" name="aquisition_quotes_outright_FL_quote_summary_values_verification_without_maintenance_test" time="119.137"/>
  <testcase classname="newCar.BCH.Acquisition_Quotes_BCH_PCH_with_maintenance_Test" name="aquisition_quotes_BCH_PCH_OTR_calculation_with_maintenance_test" time="116.689"/>
  <testcase classname="newCar.BCH.Acquisition_Quotes_BCH_PCH_with_maintenance_Test" name="aquisition_quotes_BCH_PCH_after_discount_calculations_with_maintenance_test" time="3.938"/>
  <testcase classname="newCar.BCH.Acquisition_Quotes_BCH_PCH_with_maintenance_Test" name="aquisition_quotes_BCH_PCH_holding_cost_calculations_with_maintenance_test" time="31.136"/>
  <testcase classname="newCar.BCH.Acquisition_Quotes_BCH_PCH_with_maintenance_Test" name="aquisition_quotes_BCH_PCH_customer_quote_payment_profile_calculations_with_maintenance_test" time="281.582"/>
  <testcase classname="newCar.BCH.Acquisition_Quotes_BCH_PCH_with_maintenance_Test" name="aquisition_quotes_BCH_PCH_quote_summary_values_verification_with_maintenance_test" time="248.807"/>
  <testcase classname="newCar.CP.Acquisition_Quotes_CP_PCH_with_funder_quote_addition_without_maintenance_Test" name="aquisition_quotes_CP_PCH_OTR_calculation_without_maintenance_test" time="118.756"/>
  <testcase classname="newCar.CP.Acquisition_Quotes_CP_PCH_with_funder_quote_addition_without_maintenance_Test" name="aquisition_quotes_CP_PCH_after_discount_calculations_without_maintenance_test" time="4.012"/>
  <testcase classname="newCar.CP.Acquisition_Quotes_CP_PCH_with_funder_quote_addition_without_maintenance_Test" name="aquisition_quotes_CP_PCH_holding_cost_calculations_without_maintenance_test" time="28.898"/>
  <testcase classname="newCar.CP.Acquisition_Quotes_CP_PCH_with_funder_quote_addition_without_maintenance_Test" name="aquisition_quotes_CP_PCH_customer_quote_payment_profile_calculations_without_maintenance_test" time="213.365"/>
  <testcase classname="newCar.CP.Acquisition_Quotes_CP_PCH_with_funder_quote_addition_without_maintenance_Test" name="aquisition_quotes_CP_PCH_quote_summary_values_verification_without_maintenance_test" time="199.172"/>
  <testcase classname="newCar.OP.Acquisition_Quotes_Outright_PCH_with_maintenance_Test" name="aquisition_quotes_outright_PCH_OTR_calculation_with_maintenance_test" time="116.343"/>
  <testcase classname="newCar.OP.Acquisition_Quotes_Outright_PCH_with_maintenance_Test" name="aquisition_quotes_outright_PCH_after_discount_calculations_with_maintenance_test" time="4.169"/>
  <testcase classname="newCar.OP.Acquisition_Quotes_Outright_PCH_with_maintenance_Test" name="aquisition_quotes_outright_PCH_other_support_check_with_maintenance_test" time="21.401"/>
  <testcase classname="newCar.OP.Acquisition_Quotes_Outright_PCH_with_maintenance_Test" name="aquisition_quotes_outright_PCH_holding_cost_calculations_with_maintenance_test" time="71.969"/>
  <testcase classname="newCar.OP.Acquisition_Quotes_Outright_PCH_with_maintenance_Test" name="aquisition_quotes_outright_PCH_customer_quote_payment_profile_calculations_with_maintenance_test" time="290.312"/>
  <testcase classname="newCar.OP.Acquisition_Quotes_Outright_PCH_with_maintenance_Test" name="aquisition_quotes_outright_PCH_quote_summary_values_verification_with_maintenance_test" time="136.281"/>
  <testcase classname="newCar.CP.Acquisition_Quotes_CP_CP_with_funder_quote_addition_with_maintenance_Test" name="aquisition_quotes_CP_CP_OTR_calculation_with_maintenance_test" time="114.186"/>
  <testcase classname="newCar.CP.Acquisition_Quotes_CP_CP_with_funder_quote_addition_with_maintenance_Test" name="aquisition_quotes_CP_CP_after_discount_calculations_with_maintenance_test" time="4.107"/>
  <testcase classname="newCar.CP.Acquisition_Quotes_CP_CP_with_funder_quote_addition_with_maintenance_Test" name="aquisition_quotes_CP_CP_holding_cost_calculations_with_maintenance_test" time="44.252"/>
  <testcase classname="newCar.CP.Acquisition_Quotes_CP_CP_with_funder_quote_addition_with_maintenance_Test" name="aquisition_quotes_CP_CP_customer_quote_calculations_check_monthly_finance_payment_with_maintenance_test" time="44.692"/>
  <testcase classname="newCar.CP.Acquisition_Quotes_CP_CP_with_funder_quote_addition_with_maintenance_Test" name="aquisition_quotes_CP_CP_quote_summary_values_verification_with_maintenance_test" time="255.517"/>
  <testcase classname="newCar.FL.Acquisition_Quotes_FL_BCH_with_funder_quote_addition_without_maintenance_Test" name="aquisition_quotes_FL_BCH_OTR_calculation_without_maintenance_test" time="115.161"/>
  <testcase classname="newCar.FL.Acquisition_Quotes_FL_BCH_with_funder_quote_addition_without_maintenance_Test" name="aquisition_quotes_FL_BCH_after_discount_calculations_without_maintenance_test" time="4.24"/>
  <testcase classname="newCar.FL.Acquisition_Quotes_FL_BCH_with_funder_quote_addition_without_maintenance_Test" name="aquisition_quotes_FL_BCH_holding_cost_calculations_without_maintenance_test" time="35.871"/>
  <testcase classname="newCar.FL.Acquisition_Quotes_FL_BCH_with_funder_quote_addition_without_maintenance_Test" name="aquisition_quotes_FL_BCH_customer_quote_payment_profile_calculations_without_maintenance_test" time="72.737"/>
  <testcase classname="newCar.FL.Acquisition_Quotes_FL_BCH_with_funder_quote_addition_without_maintenance_Test" name="aquisition_quotes_FL_BCH_quote_summary_values_verification_without_maintenance_test" time="192.543"/>
  <testcase classname="newCar.BROKER.Acquisition_Quotes_Broker_BCH_without_maintenance_Test" name="aquisition_quotes_user_flow_broker_bch_OTR_calculation_without_maintenance_test" time="123.435"/>
  <testcase classname="newCar.BROKER.Acquisition_Quotes_Broker_BCH_without_maintenance_Test" name="aquisition_quotes_user_flow_broker_bch_after_discount_calculation_without_maintenance_test" time="4.077"/>
  <testcase classname="newCar.BROKER.Acquisition_Quotes_Broker_BCH_without_maintenance_Test" name="aquisition_quotes_user_flow_broker_bch_funder_quote_addition_without_maintenance_test" time="29.079"/>
  <testcase classname="newCar.BROKER.Acquisition_Quotes_Broker_BCH_without_maintenance_Test" name="aquisition_quotes_user_flow_broker_bch_quote_summary_values_verification_without_maintenance_test" time="24.598"/>
  <testcase classname="newCar.CP.Acquisition_Quotes_CP_PCP_with_maintenance_Test" name="aquisition_quotes_CP_PCP_OTR_calculation_with_maintenance_test" time="116.98"/>
  <testcase classname="newCar.CP.Acquisition_Quotes_CP_PCP_with_maintenance_Test" name="aquisition_quotes_CP_PCP_after_discount_calculations_with_maintenance_test" time="4.031"/>
  <testcase classname="newCar.CP.Acquisition_Quotes_CP_PCP_with_maintenance_Test" name="aquisition_quotes_CP_PCP_holding_cost_calculations_with_maintenance_test" time="52.356"/>
  <testcase classname="newCar.CP.Acquisition_Quotes_CP_PCP_with_maintenance_Test" name="aquisition_quotes_CP_PCP_customer_quote_calculations_check_monthly_finance_payment_with_maintenance_test" time="130.128"/>
  <testcase classname="newCar.CP.Acquisition_Quotes_CP_PCP_with_maintenance_Test" name="aquisition_quotes_CP_PCP_customer_quote_vehicle_profit_edit_check_with_maintenance_test" time="44.147"/>
  <testcase classname="newCar.CP.Acquisition_Quotes_CP_PCP_with_maintenance_Test" name="aquisition_quotes_CP_PCP_customer_quote_part_exchange_value_edit_check_with_maintenance_test" time="48.192"/>
  <testcase classname="newCar.CP.Acquisition_Quotes_CP_PCP_with_maintenance_Test" name="aquisition_quotes_CP_PCP_quote_summary_values_verification_with_maintenance_test" time="288.623"/>
  <testcase classname="newCar.CP.Acquisition_Quotes_CP_BCH_with_funder_quote_addition_without_maintenance_Test" name="aquisition_quotes_CP_BCH_OTR_calculation_without_maintenance_test" time="115.18"/>
  <testcase classname="newCar.CP.Acquisition_Quotes_CP_BCH_with_funder_quote_addition_without_maintenance_Test" name="aquisition_quotes_CP_BCH_after_discount_calculations_without_maintenance_test" time="3.996"/>
  <testcase classname="newCar.CP.Acquisition_Quotes_CP_BCH_with_funder_quote_addition_without_maintenance_Test" name="aquisition_quotes_CP_BCH_holding_cost_calculations_without_maintenance_test" time="28.966"/>
  <testcase classname="newCar.CP.Acquisition_Quotes_CP_BCH_with_funder_quote_addition_without_maintenance_Test" name="aquisition_quotes_CP_BCH_customer_quote_payment_profile_calculations_without_maintenance_test" time="211.718"/>
  <testcase classname="newCar.CP.Acquisition_Quotes_CP_BCH_with_funder_quote_addition_without_maintenance_Test" name="aquisition_quotes_CP_BCH_quote_summary_values_verification_without_maintenance_test" time="219.523"/>
  <testcase classname="newCar.CP.Acquisition_Quotes_CP_PCH_with_maintenance_Test" name="aquisition_quotes_CP_PCH_OTR_calculation_with_maintenance_test" time="116.607"/>
  <testcase classname="newCar.CP.Acquisition_Quotes_CP_PCH_with_maintenance_Test" name="aquisition_quotes_CP_PCH_after_discount_calculations_with_maintenance_test" time="4.146"/>
  <testcase classname="newCar.CP.Acquisition_Quotes_CP_PCH_with_maintenance_Test" name="aquisition_quotes_CP_PCH_holding_cost_calculations_with_maintenance_test" time="72.87"/>
  <testcase classname="newCar.CP.Acquisition_Quotes_CP_PCH_with_maintenance_Test" name="aquisition_quotes_CP_PCH_customer_quote_payment_profile_calculations_with_maintenance_test" time="118.89"/>
  <testcase classname="newCar.CP.Acquisition_Quotes_CP_PCH_with_maintenance_Test" name="aquisition_quotes_CP_PCH_quote_summary_values_verification_with_maintenance_test" time="265.18"/>
  <testcase classname="newCar.OP.Acquisition_Quotes_Outright_PCP_with_maintenance_Test" name="aquisition_quotes_outright_PCP_OTR_calculation_with_maintenance_test" time="116.558"/>
  <testcase classname="newCar.OP.Acquisition_Quotes_Outright_PCP_with_maintenance_Test" name="aquisition_quotes_outright_PCP_after_discount_calculations_with_maintenance_test" time="3.935"/>
  <testcase classname="newCar.OP.Acquisition_Quotes_Outright_PCP_with_maintenance_Test" name="aquisition_quotes_outright_PCP_holding_cost_calculations_with_maintenance_test" time="53.43"/>
  <testcase classname="newCar.OP.Acquisition_Quotes_Outright_PCP_with_maintenance_Test" name="aquisition_quotes_outright_PCP_customer_quote_calculations_check_monthly_finance_payment_with_maintenance_test" time="127.453"/>
  <testcase classname="newCar.OP.Acquisition_Quotes_Outright_PCP_with_maintenance_Test" name="aquisition_quotes_outright_PCP_customer_quote_vehicle_profit_edit_check_with_maintenance_test" time="41.788"/>
  <testcase classname="newCar.OP.Acquisition_Quotes_Outright_PCP_with_maintenance_Test" name="aquisition_quotes_outright_PCP_customer_quote_part_exchange_value_edit_check_with_maintenance_test" time="46.105"/>
  <testcase classname="newCar.OP.Acquisition_Quotes_Outright_PCP_with_maintenance_Test" name="aquisition_quotes_outright_PCP_quote_summary_values_verification_with_maintenance_test" time="154.6"/>
  <testcase classname="newCar.BROKER.Acquisition_Quotes_Broker_FL_without_maintenance_Test" name="aquisition_quotes_user_flow_broker_fl_OTR_calculation_without_maintenance_test" time="122.702"/>
  <testcase classname="newCar.BROKER.Acquisition_Quotes_Broker_FL_without_maintenance_Test" name="aquisition_quotes_user_flow_broker_fl_after_discount_calculation_without_maintenance_test" time="4.173"/>
  <testcase classname="newCar.BROKER.Acquisition_Quotes_Broker_FL_without_maintenance_Test" name="aquisition_quotes_user_flow_broker_fl_funder_quote_addition_without_maintenance_test" time="31.52"/>
  <testcase classname="newCar.BROKER.Acquisition_Quotes_Broker_FL_without_maintenance_Test" name="aquisition_quotes_user_flow_broker_fl_quote_summary_values_verification_without_maintenance_test" time="30.117"/>
  <testcase classname="newCar.CP.Acquisition_Quotes_CP_CP_with_maintenance_Test" name="aquisition_quotes_CP_CP_OTR_calculation_with_maintenance_test" time="115.399"/>
  <testcase classname="newCar.CP.Acquisition_Quotes_CP_CP_with_maintenance_Test" name="aquisition_quotes_CP_CP_after_discount_calculations_with_maintenance_test" time="4.07"/>
  <testcase classname="newCar.CP.Acquisition_Quotes_CP_CP_with_maintenance_Test" name="aquisition_quotes_CP_CP_holding_cost_calculations_with_maintenance_test" time="56.795"/>
  <testcase classname="newCar.CP.Acquisition_Quotes_CP_CP_with_maintenance_Test" name="aquisition_quotes_CP_CP_customer_quote_calculations_check_monthly_finance_payment_with_maintenance_test" time="128.116"/>
  <testcase classname="newCar.CP.Acquisition_Quotes_CP_CP_with_maintenance_Test" name="aquisition_quotes_CP_CP_customer_quote_vehicle_profit_edit_check_with_maintenance_test" time="43.468"/>
  <testcase classname="newCar.CP.Acquisition_Quotes_CP_CP_with_maintenance_Test" name="aquisition_quotes_CP_CP_customer_quote_part_exchange_value_edit_check_with_maintenance_test" time="48.417"/>
  <testcase classname="newCar.CP.Acquisition_Quotes_CP_CP_with_maintenance_Test" name="aquisition_quotes_CP_CP_quote_summary_values_verification_with_maintenance_test" time="253.601"/>
  <testcase classname="newCar.HPNR.Acquisition_Quotes_HPNR_CP_with_maintenance_Test" name="aquisition_quotes_HPNR_CP_OTR_calculation_with_maintenance_test" time="114.138"/>
  <testcase classname="newCar.HPNR.Acquisition_Quotes_HPNR_CP_with_maintenance_Test" name="aquisition_quotes_HPNR_CP_after_discount_calculations_with_maintenance_test" time="4.036"/>
  <testcase classname="newCar.HPNR.Acquisition_Quotes_HPNR_CP_with_maintenance_Test" name="aquisition_quotes_HPNR_CP_holding_cost_calculations_with_maintenance_test" time="50.605"/>
  <testcase classname="newCar.HPNR.Acquisition_Quotes_HPNR_CP_with_maintenance_Test" name="aquisition_quotes_HPNR_CP_customer_quote_calculations_check_monthly_finance_payment_with_maintenance_test" time="127.511"/>
  <testcase classname="newCar.HPNR.Acquisition_Quotes_HPNR_CP_with_maintenance_Test" name="aquisition_quotes_HPNR_CP_customer_quote_vehicle_profit_edit_check_with_maintenance_test" time="40.575"/>
  <testcase classname="newCar.HPNR.Acquisition_Quotes_HPNR_CP_with_maintenance_Test" name="aquisition_quotes_HPNR_CP_customer_quote_part_exchange_value_edit_check_with_maintenance_test" time="47.154"/>
  <testcase classname="newCar.HPNR.Acquisition_Quotes_HPNR_CP_with_maintenance_Test" name="aquisition_quotes_HPNR_CP_quote_summary_values_verification_with_maintenance_test" time="306.56"/>
  <testcase classname="newCar.CP.Acquisition_Quotes_CP_PCP_without_maintenance_Test" name="aquisition_quotes_CP_PCP_OTR_calculation_without_maintenance_test" time="116.173"/>
  <testcase classname="newCar.CP.Acquisition_Quotes_CP_PCP_without_maintenance_Test" name="aquisition_quotes_CP_PCP_after_discount_calculations_without_maintenance_test" time="4.035"/>
  <testcase classname="newCar.CP.Acquisition_Quotes_CP_PCP_without_maintenance_Test" name="aquisition_quotes_CP_PCP_holding_cost_calculations_without_maintenance_test" time="38.869"/>
  <testcase classname="newCar.CP.Acquisition_Quotes_CP_PCP_without_maintenance_Test" name="aquisition_quotes_CP_PCP_customer_quote_calculations_check_monthly_finance_payment_without_maintenance_test" time="99.006"/>
  <testcase classname="newCar.CP.Acquisition_Quotes_CP_PCP_without_maintenance_Test" name="aquisition_quotes_CP_PCP_customer_quote_vehicle_profit_edit_check_without_maintenance_test" time="47.203"/>
  <testcase classname="newCar.CP.Acquisition_Quotes_CP_PCP_without_maintenance_Test" name="aquisition_quotes_CP_PCP_customer_quote_part_exchange_value_edit_check_without_maintenance_test" time="58.168"/>
  <testcase classname="newCar.CP.Acquisition_Quotes_CP_PCP_without_maintenance_Test" name="aquisition_quotes_CP_PCP_quote_summary_values_verification_without_maintenance_test" time="131.483">
    <failure type="org.openqa.selenium.ElementClickInterceptedException" message="element click intercepted: Element &amp;lt;p style=&amp;quot; border: 1px solid white;&amp;quot;&amp;gt;...&amp;lt;/p&amp;gt; is not clickable at point (783, 98). Other element would receive the click: &amp;lt;div _ngcontent-pxf-c1=&amp;quot;&amp;quot; class=&amp;quot;showbox_wrp loader-DetailTabs&amp;quot;&amp;gt;...&amp;lt;/div&amp;gt;
  (Session info: chrome=125.0.6422.142)
Build info: version: &amp;apos;4.1.0&amp;apos;, revision: &amp;apos;87802e897b&amp;apos;
System info: host: &amp;apos;DSK-4052&amp;apos;, ip: &amp;apos;172.16.1.80&amp;apos;, os.name: &amp;apos;Windows 10&amp;apos;, os.arch: &amp;apos;amd64&amp;apos;, os.version: &amp;apos;10.0&amp;apos;, java.version: &amp;apos;19.0.1&amp;apos;
Driver info: org.openqa.selenium.chrome.ChromeDriver
Command: [b41e8b9025224ac67b3b6c7ca2fb016d, clickElement {id=f.E17578896181D07DECA93C3E013C2CEB.d.B930C77A558E22D051BFEBC13E599D5C.e.3057}]
Capabilities {acceptInsecureCerts: false, browserName: chrome, browserVersion: 125.0.6422.142, chrome: {chromedriverVersion: 125.0.6422.141 (4b1e8393712..., userDataDir: C:\Users\NITEIN~1.KUR\AppDa...}, fedcm:accounts: true, goog:chromeOptions: {debuggerAddress: localhost:54091}, javascriptEnabled: true, networkConnectionEnabled: false, pageLoadStrategy: normal, platform: WINDOWS, platformName: WINDOWS, proxy: Proxy(), se:cdp: ws://localhost:54091/devtoo..., se:cdpVersion: 125.0.6422.142, setWindowRect: true, strictFileInteractability: false, timeouts: {implicit: 0, pageLoad: 300000, script: 30000}, unhandledPromptBehavior: dismiss and notify, webauthn:extension:credBlob: true, webauthn:extension:largeBlob: true, webauthn:extension:minPinLength: true, webauthn:extension:prf: true, webauthn:virtualAuthenticators: true}
Element: [[ChromeDriver: chrome on WINDOWS (b41e8b9025224ac67b3b6c7ca2fb016d)] -&amp;gt; xpath: //p[normalize-space()=&amp;apos;Quote summary&amp;apos;]]
Session ID: b41e8b9025224ac67b3b6c7ca2fb016d">
      <![CDATA[org.openqa.selenium.ElementClickInterceptedException: element click intercepted: Element <p style=" border: 1px solid white;">...</p> is not clickable at point (783, 98). Other element would receive the click: <div _ngcontent-pxf-c1="" class="showbox_wrp loader-DetailTabs">...</div>
  (Session info: chrome=125.0.6422.142)
Build info: version: '4.1.0', revision: '87802e897b'
System info: host: 'DSK-4052', ip: '172.16.1.80', os.name: 'Windows 10', os.arch: 'amd64', os.version: '10.0', java.version: '19.0.1'
Driver info: org.openqa.selenium.chrome.ChromeDriver
Command: [b41e8b9025224ac67b3b6c7ca2fb016d, clickElement {id=f.E17578896181D07DECA93C3E013C2CEB.d.B930C77A558E22D051BFEBC13E599D5C.e.3057}]
Capabilities {acceptInsecureCerts: false, browserName: chrome, browserVersion: 125.0.6422.142, chrome: {chromedriverVersion: 125.0.6422.141 (4b1e8393712..., userDataDir: C:\Users\NITEIN~1.KUR\AppDa...}, fedcm:accounts: true, goog:chromeOptions: {debuggerAddress: localhost:54091}, javascriptEnabled: true, networkConnectionEnabled: false, pageLoadStrategy: normal, platform: WINDOWS, platformName: WINDOWS, proxy: Proxy(), se:cdp: ws://localhost:54091/devtoo..., se:cdpVersion: 125.0.6422.142, setWindowRect: true, strictFileInteractability: false, timeouts: {implicit: 0, pageLoad: 300000, script: 30000}, unhandledPromptBehavior: dismiss and notify, webauthn:extension:credBlob: true, webauthn:extension:largeBlob: true, webauthn:extension:minPinLength: true, webauthn:extension:prf: true, webauthn:virtualAuthenticators: true}
Element: [[ChromeDriver: chrome on WINDOWS (b41e8b9025224ac67b3b6c7ca2fb016d)] -> xpath: //p[normalize-space()='Quote summary']]
Session ID: b41e8b9025224ac67b3b6c7ca2fb016d
at org.openqa.selenium.remote.codec.w3c.W3CHttpResponseCodec.createException(W3CHttpResponseCodec.java:200)
at org.openqa.selenium.remote.codec.w3c.W3CHttpResponseCodec.decode(W3CHttpResponseCodec.java:133)
at org.openqa.selenium.remote.codec.w3c.W3CHttpResponseCodec.decode(W3CHttpResponseCodec.java:53)
at org.openqa.selenium.remote.HttpCommandExecutor.execute(HttpCommandExecutor.java:184)
at org.openqa.selenium.remote.service.DriverCommandExecutor.invokeExecute(DriverCommandExecutor.java:164)
at org.openqa.selenium.remote.service.DriverCommandExecutor.execute(DriverCommandExecutor.java:139)
at org.openqa.selenium.remote.RemoteWebDriver.execute(RemoteWebDriver.java:559)
at org.openqa.selenium.remote.RemoteWebElement.execute(RemoteWebElement.java:251)
at org.openqa.selenium.remote.RemoteWebElement.click(RemoteWebElement.java:77)
at org.openqa.selenium.support.pagefactory.internal.LocatingElementHandler.invoke(LocatingElementHandler.java:52)
at jdk.proxy2/jdk.proxy2.$Proxy23.click(Unknown Source)
at com.amt.testUtil.Click.on(Click.java:22)
at com.amt.QuoteSummaryPages.QuoteSummary_CP_PCP_Page.quote_summary_OTR_calculation(QuoteSummary_CP_PCP_Page.java:461)
at newCar.CP.Acquisition_Quotes_CP_PCP_without_maintenance_Test.aquisition_quotes_CP_PCP_quote_summary_values_verification_without_maintenance_test(Acquisition_Quotes_CP_PCP_without_maintenance_Test.java:189)
at java.base/java.util.ArrayList.forEach(ArrayList.java:1511)
... Removed 30 stack frames]]>
    </failure>
  </testcase> <!-- aquisition_quotes_CP_PCP_quote_summary_values_verification_without_maintenance_test -->
  <testcase classname="newCar.OP.Acquisition_Quotes_Outright_HPR_without_maintenance_Test" name="aquisition_quotes_outright_HPR_OTR_calculation_without_maintenance_test" time="115.047"/>
  <testcase classname="newCar.OP.Acquisition_Quotes_Outright_HPR_without_maintenance_Test" name="aquisition_quotes_outright_HPR_after_discount_calculations_without_maintenance_test" time="4.0"/>
  <testcase classname="newCar.OP.Acquisition_Quotes_Outright_HPR_without_maintenance_Test" name="aquisition_quotes_outright_HPR_holding_cost_calculations_without_maintenance_test" time="39.063"/>
  <testcase classname="newCar.OP.Acquisition_Quotes_Outright_HPR_without_maintenance_Test" name="aquisition_quotes_outright_HPR_customer_quote_calculations_check_monthly_finance_payment_without_maintenance_test" time="97.028"/>
  <testcase classname="newCar.OP.Acquisition_Quotes_Outright_HPR_without_maintenance_Test" name="aquisition_quotes_outright_HPR_customer_quote_vehicle_profit_edit_check_without_maintenance_test" time="49.76"/>
  <testcase classname="newCar.OP.Acquisition_Quotes_Outright_HPR_without_maintenance_Test" name="aquisition_quotes_outright_HPR_customer_quote_part_exchange_value_edit_check_without_maintenance_test" time="58.081"/>
  <testcase classname="newCar.OP.Acquisition_Quotes_Outright_HPR_without_maintenance_Test" name="aquisition_quotes_outright_HPR_customer_quote_monthly_finance_payment_after_balloon_payment_off_without_maintenance_test" time="19.884"/>
  <testcase classname="newCar.OP.Acquisition_Quotes_Outright_HPR_without_maintenance_Test" name="aquisition_quotes_outright_HPR_quote_summary_values_verification_without_maintenance_test" time="125.664"/>
  <testcase classname="newCar.CP.Acquisition_Quotes_CP_BCH_with_funder_quote_addition_with_maintenance_Test" name="aquisition_quotes_CP_BCH_OTR_calculation_with_maintenance_test" time="117.814"/>
  <testcase classname="newCar.CP.Acquisition_Quotes_CP_BCH_with_funder_quote_addition_with_maintenance_Test" name="aquisition_quotes_CP_BCH_after_discount_calculations_with_maintenance_test" time="4.021"/>
  <testcase classname="newCar.CP.Acquisition_Quotes_CP_BCH_with_funder_quote_addition_with_maintenance_Test" name="aquisition_quotes_CP_BCH_holding_cost_calculations_with_maintenance_test" time="37.384"/>
  <testcase classname="newCar.CP.Acquisition_Quotes_CP_BCH_with_funder_quote_addition_with_maintenance_Test" name="aquisition_quotes_CP_BCH_customer_quote_payment_profile_calculations_with_maintenance_test" time="236.725"/>
  <testcase classname="newCar.CP.Acquisition_Quotes_CP_BCH_with_funder_quote_addition_with_maintenance_Test" name="aquisition_quotes_CP_BCH_quote_summary_values_verification_with_maintenance_test" time="254.892"/>
  <testcase classname="newCar.BROKER.Acquisition_Quotes_Broker_PCP_without_maintenance_Test" name="aquisition_quotes_user_flow_broker_PCP_OTR_calculation_without_maintenance_test" time="123.877"/>
  <testcase classname="newCar.BROKER.Acquisition_Quotes_Broker_PCP_without_maintenance_Test" name="aquisition_quotes_user_flow_broker_PCP_after_discount_calculations_without_maintenance_test" time="4.148"/>
  <testcase classname="newCar.BROKER.Acquisition_Quotes_Broker_PCP_without_maintenance_Test" name="aquisition_quotes_user_flow_broker_PCP_vehicle_profit_check_without_maintenance_test" time="11.7"/>
  <testcase classname="newCar.BROKER.Acquisition_Quotes_Broker_PCP_without_maintenance_Test" name="aquisition_quotes_user_flow_broker_PCP_balance_to_finance_check_without_maintenance_test" time="23.824"/>
  <testcase classname="newCar.BROKER.Acquisition_Quotes_Broker_PCP_without_maintenance_Test" name="aquisition_quotes_user_flow_broker_PCP_quote_summary_values_verification_without_maintenance_test" time="17.606"/>
  <testcase classname="newCar.HPNR.Acquisition_Quotes_HPNR_FL_without_maintenance_Test" name="aquisition_quotes_HPNR_FL_OTR_calculation_without_maintenance_test" time="115.275"/>
  <testcase classname="newCar.HPNR.Acquisition_Quotes_HPNR_FL_without_maintenance_Test" name="aquisition_quotes_HPNR_FL_after_discount_calculations_without_maintenance_test" time="4.012"/>
  <testcase classname="newCar.HPNR.Acquisition_Quotes_HPNR_FL_without_maintenance_Test" name="aquisition_quotes_HPNR_FL_other_support_check_without_maintenance_test" time="21.443"/>
  <testcase classname="newCar.HPNR.Acquisition_Quotes_HPNR_FL_without_maintenance_Test" name="aquisition_quotes_HPNR_FL_holding_cost_calculations_without_maintenance_test" time="62.632"/>
  <testcase classname="newCar.HPNR.Acquisition_Quotes_HPNR_FL_without_maintenance_Test" name="aquisition_quotes_HPNR_FL_customer_quote_payment_profile_calculations_without_maintenance_test" time="83.514"/>
  <testcase classname="newCar.HPNR.Acquisition_Quotes_HPNR_FL_without_maintenance_Test" name="aquisition_quotes_HPNR_FL_quote_summary_values_verification_without_maintenance_test" time="40.016">
    <failure type="java.lang.AssertionError" message="expected [true] but found [false]">
      <![CDATA[java.lang.AssertionError: expected [true] but found [false]
at newCar.HPNR.Acquisition_Quotes_HPNR_FL_without_maintenance_Test.aquisition_quotes_HPNR_FL_quote_summary_values_verification_without_maintenance_test(Acquisition_Quotes_HPNR_FL_without_maintenance_Test.java:274)
at java.base/java.util.ArrayList.forEach(ArrayList.java:1511)
... Removed 29 stack frames]]>
    </failure>
  </testcase> <!-- aquisition_quotes_HPNR_FL_quote_summary_values_verification_without_maintenance_test -->
  <testcase classname="newCar.HPNR.Acquisition_Quotes_HPNR_HPR_with_funder_quote_addition_without_maintenance_Test" name="aquisition_quotes_HPNR_HPR_OTR_calculation_without_maintenance_test" time="116.344"/>
  <testcase classname="newCar.HPNR.Acquisition_Quotes_HPNR_HPR_with_funder_quote_addition_without_maintenance_Test" name="aquisition_quotes_HPNR_HPR_after_discount_calculations_without_maintenance_test" time="4.097"/>
  <testcase classname="newCar.HPNR.Acquisition_Quotes_HPNR_HPR_with_funder_quote_addition_without_maintenance_Test" name="aquisition_quotes_HPNR_HPR_holding_cost_calculations_without_maintenance_test" time="20.346"/>
  <testcase classname="newCar.HPNR.Acquisition_Quotes_HPNR_HPR_with_funder_quote_addition_without_maintenance_Test" name="aquisition_quotes_HPNR_HPR_customer_quote_calculations_check_monthly_finance_payment_without_maintenance_test" time="48.487"/>
  <testcase classname="newCar.HPNR.Acquisition_Quotes_HPNR_HPR_with_funder_quote_addition_without_maintenance_Test" name="aquisition_quotes_HPNR_HPR_customer_quote_monthly_finance_payment_after_balloon_payment_off_without_maintenance_test" time="19.777"/>
  <testcase classname="newCar.HPNR.Acquisition_Quotes_HPNR_HPR_with_funder_quote_addition_without_maintenance_Test" name="aquisition_quotes_HPNR_HPR_quote_summary_values_verification_without_maintenance_test" time="225.964"/>
  <testcase classname="newCar.OP.Acquisition_Quotes_Outright_FL_with_maintenance_Test" name="aquisition_quotes_outright_FL_OTR_calculation_with_maintenance_test" time="114.088"/>
  <testcase classname="newCar.OP.Acquisition_Quotes_Outright_FL_with_maintenance_Test" name="aquisition_quotes_outright_FL_after_discount_calculations_with_maintenance_test" time="4.066"/>
  <testcase classname="newCar.OP.Acquisition_Quotes_Outright_FL_with_maintenance_Test" name="aquisition_quotes_outright_FL_other_support_check_with_maintenance_test" time="21.778"/>
  <testcase classname="newCar.OP.Acquisition_Quotes_Outright_FL_with_maintenance_Test" name="aquisition_quotes_outright_FL_holding_cost_calculations_with_maintenance_test" time="66.778"/>
  <testcase classname="newCar.OP.Acquisition_Quotes_Outright_FL_with_maintenance_Test" name="aquisition_quotes_outright_FL_customer_quote_payment_profile_calculations_with_maintenance_test" time="122.611"/>
  <testcase classname="newCar.OP.Acquisition_Quotes_Outright_FL_with_maintenance_Test" name="aquisition_quotes_outright_FL_quote_summary_values_verification_with_maintenance_test" time="146.284"/>
  <testcase classname="newCar.BROKER.Acquisition_Quotes_Broker_HPNR_Test" name="aquisition_quotes_user_flow_broker_HPNR_OTR_calculation_test" time="123.699"/>
  <testcase classname="newCar.BROKER.Acquisition_Quotes_Broker_HPNR_Test" name="aquisition_quotes_user_flow_broker_HPNR_after_discount_calculations_test" time="4.125"/>
  <testcase classname="newCar.BROKER.Acquisition_Quotes_Broker_HPNR_Test" name="aquisition_quotes_user_flow_broker_HPNR_vehicle_profit_check_test" time="19.456"/>
  <testcase classname="newCar.BROKER.Acquisition_Quotes_Broker_HPNR_Test" name="aquisition_quotes_user_flow_broker_HPNR_balance_to_finance_check_test" time="28.027"/>
  <testcase classname="newCar.BROKER.Acquisition_Quotes_Broker_HPNR_Test" name="aquisition_quotes_user_flow_broker_HPNR_quote_summary_values_verification_test" time="18.667"/>
  <testcase classname="newCar.FL.Acquisition_Quotes_FL_PCH_with_funder_quote_addition_with_maintenance_Test" name="aquisition_quotes_FL_PCH_OTR_calculation_with_maintenance_test" time="114.156"/>
  <testcase classname="newCar.FL.Acquisition_Quotes_FL_PCH_with_funder_quote_addition_with_maintenance_Test" name="aquisition_quotes_FL_PCH_after_discount_calculations_with_maintenance_test" time="4.087"/>
  <testcase classname="newCar.FL.Acquisition_Quotes_FL_PCH_with_funder_quote_addition_with_maintenance_Test" name="aquisition_quotes_FL_PCH_holding_cost_calculations_with_maintenance_test" time="36.342"/>
  <testcase classname="newCar.FL.Acquisition_Quotes_FL_PCH_with_funder_quote_addition_with_maintenance_Test" name="aquisition_quotes_FL_PCH_customer_quote_payment_profile_calculations_with_maintenance_test" time="82.051"/>
  <testcase classname="newCar.FL.Acquisition_Quotes_FL_PCH_with_funder_quote_addition_with_maintenance_Test" name="aquisition_quotes_FL_PCH_quote_summary_values_verification_with_maintenance_test" time="232.758"/>
  <testcase classname="newCar.HPNR.Acquisition_Quotes_HPNR_FL_with_funder_quote_addition_without_maintenance_Test" name="aquisition_quotes_HPNR_FL_OTR_calculation_without_maintenance_test" time="115.087"/>
  <testcase classname="newCar.HPNR.Acquisition_Quotes_HPNR_FL_with_funder_quote_addition_without_maintenance_Test" name="aquisition_quotes_HPNR_FL_after_discount_calculations_without_maintenance_test" time="3.97"/>
  <testcase classname="newCar.HPNR.Acquisition_Quotes_HPNR_FL_with_funder_quote_addition_without_maintenance_Test" name="aquisition_quotes_HPNR_FL_holding_cost_calculations_without_maintenance_test" time="25.509"/>
  <testcase classname="newCar.HPNR.Acquisition_Quotes_HPNR_FL_with_funder_quote_addition_without_maintenance_Test" name="aquisition_quotes_HPNR_FL_customer_quote_payment_profile_calculations_without_maintenance_test" time="216.83"/>
  <testcase classname="newCar.HPNR.Acquisition_Quotes_HPNR_FL_with_funder_quote_addition_without_maintenance_Test" name="aquisition_quotes_HPNR_FL_quote_summary_values_verification_without_maintenance_test" time="185.774"/>
  <testcase classname="newCar.BROKER.Acquisition_Quotes_Broker_CP_with_maintenance_Test" name="aquisition_quotes_user_flow_broker_CP_OTR_calculation_with_maintenance_test" time="127.486"/>
  <testcase classname="newCar.BROKER.Acquisition_Quotes_Broker_CP_with_maintenance_Test" name="aquisition_quotes_user_flow_broker_CP_after_discount_calculations_with_maintenance_test" time="3.863"/>
  <testcase classname="newCar.BROKER.Acquisition_Quotes_Broker_CP_with_maintenance_Test" name="aquisition_quotes_user_flow_broker_CP_vehicle_profit_check_with_maintenance_test" time="18.392"/>
  <testcase classname="newCar.BROKER.Acquisition_Quotes_Broker_CP_with_maintenance_Test" name="aquisition_quotes_user_flow_broker_CP_balance_to_finance_check_with_maintenance_test" time="27.441"/>
  <testcase classname="newCar.BROKER.Acquisition_Quotes_Broker_CP_with_maintenance_Test" name="aquisition_quotes_user_flow_broker_CP_quote_summary_values_verification_with_maintenance_test" time="23.801"/>
  <testcase classname="newCar.BROKER.Acquisition_Quotes_Broker_PCH_with_maintenance_Test" name="aquisition_quotes_user_flow_broker_pch_OTR_calculation_with_maintenance_test" time="123.288"/>
  <testcase classname="newCar.BROKER.Acquisition_Quotes_Broker_PCH_with_maintenance_Test" name="aquisition_quotes_user_flow_broker_pch_after_discount_calculation_with_maintenance_test" time="4.101"/>
  <testcase classname="newCar.BROKER.Acquisition_Quotes_Broker_PCH_with_maintenance_Test" name="aquisition_quotes_user_flow_broker_pch_with_maintenance_test" time="31.084"/>
  <testcase classname="newCar.BROKER.Acquisition_Quotes_Broker_PCH_with_maintenance_Test" name="aquisition_quotes_user_flow_broker_pch_quote_summary_values_verification_with_maintenance_test" time="31.961"/>
  <testcase classname="newCar.HPNR.Acquisition_Quotes_HPNR_BCH_without_maintenance_Test" name="aquisition_quotes_HPNR_BCH_OTR_calculation_without_maintenance_test" time="115.659"/>
  <testcase classname="newCar.HPNR.Acquisition_Quotes_HPNR_BCH_without_maintenance_Test" name="aquisition_quotes_HPNR_BCH_after_discount_calculations_without_maintenance_test" time="4.266"/>
  <testcase classname="newCar.HPNR.Acquisition_Quotes_HPNR_BCH_without_maintenance_Test" name="aquisition_quotes_HPNR_BCH_other_support_check_without_maintenance_test" time="21.755"/>
  <testcase classname="newCar.HPNR.Acquisition_Quotes_HPNR_BCH_without_maintenance_Test" name="aquisition_quotes_HPNR_BCH_holding_cost_calculations_without_maintenance_test" time="39.782"/>
  <testcase classname="newCar.HPNR.Acquisition_Quotes_HPNR_BCH_without_maintenance_Test" name="aquisition_quotes_HPNR_BCH_customer_quote_payment_profile_calculations_without_maintenance_test" time="65.258"/>
  <testcase classname="newCar.HPNR.Acquisition_Quotes_HPNR_BCH_without_maintenance_Test" name="aquisition_quotes_HPNR_BCH_quote_summary_values_verification_without_maintenance_test" time="217.984"/>
  <testcase classname="newCar.CP.Acquisition_Quotes_CP_PCP_with_funder_quote_addition_without_maintenance_Test" name="aquisition_quotes_CP_PCP_OTR_calculation_without_maintenance_test" time="115.881"/>
  <testcase classname="newCar.CP.Acquisition_Quotes_CP_PCP_with_funder_quote_addition_without_maintenance_Test" name="aquisition_quotes_CP_PCP_after_discount_calculations_without_maintenance_test" time="4.013"/>
  <testcase classname="newCar.CP.Acquisition_Quotes_CP_PCP_with_funder_quote_addition_without_maintenance_Test" name="aquisition_quotes_CP_PCP_holding_cost_calculations_without_maintenance_test" time="22.446"/>
  <testcase classname="newCar.CP.Acquisition_Quotes_CP_PCP_with_funder_quote_addition_without_maintenance_Test" name="aquisition_quotes_CP_PCP_customer_quote_calculations_check_monthly_finance_payment_without_maintenance_test" time="33.021"/>
  <testcase classname="newCar.CP.Acquisition_Quotes_CP_PCP_with_funder_quote_addition_without_maintenance_Test" name="aquisition_quotes_CP_PCP_quote_summary_values_verification_without_maintenance_test" time="214.33"/>
  <testcase classname="newCar.HPNR.Acquisition_Quotes_HPNR_PCH_with_funder_quote_addition_without_maintenance_Test" name="aquisition_quotes_HPNR_PCH_OTR_calculation_without_maintenance_test" time="119.717"/>
  <testcase classname="newCar.HPNR.Acquisition_Quotes_HPNR_PCH_with_funder_quote_addition_without_maintenance_Test" name="aquisition_quotes_HPNR_PCH_after_discount_calculations_without_maintenance_test" time="3.947"/>
  <testcase classname="newCar.HPNR.Acquisition_Quotes_HPNR_PCH_with_funder_quote_addition_without_maintenance_Test" name="aquisition_quotes_HPNR_PCH_holding_cost_calculations_without_maintenance_test" time="30.896"/>
  <testcase classname="newCar.HPNR.Acquisition_Quotes_HPNR_PCH_with_funder_quote_addition_without_maintenance_Test" name="aquisition_quotes_HPNR_PCH_customer_quote_payment_profile_calculations_without_maintenance_test" time="216.242"/>
  <testcase classname="newCar.HPNR.Acquisition_Quotes_HPNR_PCH_with_funder_quote_addition_without_maintenance_Test" name="aquisition_quotes_HPNR_PCH_quote_summary_values_verification_without_maintenance_test" time="191.494"/>
  <testcase classname="newCar.CP.Acquisition_Quotes_CP_BCH_without_maintenance_Test" name="aquisition_quotes_CP_BCH_OTR_calculation_without_maintenance_test" time="114.753"/>
  <testcase classname="newCar.CP.Acquisition_Quotes_CP_BCH_without_maintenance_Test" name="aquisition_quotes_CP_BCH_after_discount_calculations_without_maintenance_test" time="3.925"/>
  <testcase classname="newCar.CP.Acquisition_Quotes_CP_BCH_without_maintenance_Test" name="aquisition_quotes_CP_BCH_holding_cost_calculations_without_maintenance_test" time="55.004"/>
  <testcase classname="newCar.CP.Acquisition_Quotes_CP_BCH_without_maintenance_Test" name="aquisition_quotes_CP_BCH_customer_quote_payment_profile_calculations_without_maintenance_test" time="179.763"/>
  <testcase classname="newCar.CP.Acquisition_Quotes_CP_BCH_without_maintenance_Test" name="aquisition_quotes_CP_BCH_quote_summary_values_verification_without_maintenance_test" time="245.896"/>
  <testcase classname="newCar.BCH.Acquisition_Quotes_BCH_PCH_without_maintenance_Test" name="aquisition_quotes_BCH_PCH_OTR_calculation_without_maintenance_test" time="115.524"/>
  <testcase classname="newCar.BCH.Acquisition_Quotes_BCH_PCH_without_maintenance_Test" name="aquisition_quotes_BCH_PCH_after_discount_calculations_without_maintenance_test" time="4.049"/>
  <testcase classname="newCar.BCH.Acquisition_Quotes_BCH_PCH_without_maintenance_Test" name="aquisition_quotes_BCH_PCH_holding_cost_calculations_without_maintenance_test" time="21.094"/>
  <testcase classname="newCar.BCH.Acquisition_Quotes_BCH_PCH_without_maintenance_Test" name="aquisition_quotes_BCH_PCH_customer_quote_payment_profile_calculations_without_maintenance_test" time="82.888"/>
  <testcase classname="newCar.BCH.Acquisition_Quotes_BCH_PCH_without_maintenance_Test" name="aquisition_quotes_BCH_PCH_quote_summary_values_verification_without_maintenance_test" time="208.263"/>
  <testcase classname="newCar.FL.Acquisition_Quotes_FL_BCH_without_maintenance_Test" name="aquisition_quotes_FL_BCH_OTR_calculation_without_maintenance_test" time="116.264"/>
  <testcase classname="newCar.FL.Acquisition_Quotes_FL_BCH_without_maintenance_Test" name="aquisition_quotes_FL_BCH_after_discount_calculations_without_maintenance_test" time="3.938"/>
  <testcase classname="newCar.FL.Acquisition_Quotes_FL_BCH_without_maintenance_Test" name="aquisition_quotes_FL_BCH_holding_cost_calculations_without_maintenance_test" time="55.003"/>
  <testcase classname="newCar.FL.Acquisition_Quotes_FL_BCH_without_maintenance_Test" name="aquisition_quotes_FL_BCH_customer_quote_payment_profile_calculations_without_maintenance_test" time="68.523"/>
  <testcase classname="newCar.FL.Acquisition_Quotes_FL_BCH_without_maintenance_Test" name="aquisition_quotes_FL_BCH_quote_summary_values_verification_without_maintenance_test" time="222.143"/>
  <testcase classname="newCar.OP.Acquisition_Quotes_Outright_HPNR_without_maintenance_Test" name="aquisition_quotes_outright_HPNR_OTR_calculation_without_maintenance_test" time="116.952"/>
  <testcase classname="newCar.OP.Acquisition_Quotes_Outright_HPNR_without_maintenance_Test" name="aquisition_quotes_outright_HPNR_after_discount_calculations_without_maintenance_test" time="4.103"/>
  <testcase classname="newCar.OP.Acquisition_Quotes_Outright_HPNR_without_maintenance_Test" name="aquisition_quotes_outright_HPNR_holding_cost_calculations_without_maintenance_test" time="38.86"/>
  <testcase classname="newCar.OP.Acquisition_Quotes_Outright_HPNR_without_maintenance_Test" name="aquisition_quotes_outright_HPNR_customer_quote_calculations_check_monthly_finance_payment_without_maintenance_test" time="100.988"/>
  <testcase classname="newCar.OP.Acquisition_Quotes_Outright_HPNR_without_maintenance_Test" name="aquisition_quotes_outright_HPNR_customer_quote_vehicle_profit_edit_check_without_maintenance_test" time="50.753"/>
  <testcase classname="newCar.OP.Acquisition_Quotes_Outright_HPNR_without_maintenance_Test" name="aquisition_quotes_outright_HPNR_customer_quote_part_exchange_value_edit_check_without_maintenance_test" time="59.193"/>
  <testcase classname="newCar.OP.Acquisition_Quotes_Outright_HPNR_without_maintenance_Test" name="aquisition_quotes_outright_HPNR_customer_quote_monthly_finance_payment_after_balloon_payment_off_without_maintenance_test" time="19.895"/>
  <testcase classname="newCar.OP.Acquisition_Quotes_Outright_HPNR_without_maintenance_Test" name="aquisition_quotes_outright_HPNR_quote_summary_values_verification_without_maintenance_test" time="124.845"/>
  <testcase classname="newCar.FL.Acquisition_Quotes_FL_BCH_with_funder_quote_addition_with_maintenance_Test" name="aquisition_quotes_FL_BCH_OTR_calculation_with_maintenance_test" time="115.071"/>
  <testcase classname="newCar.FL.Acquisition_Quotes_FL_BCH_with_funder_quote_addition_with_maintenance_Test" name="aquisition_quotes_FL_BCH_after_discount_calculations_with_maintenance_test" time="4.262"/>
  <testcase classname="newCar.FL.Acquisition_Quotes_FL_BCH_with_funder_quote_addition_with_maintenance_Test" name="aquisition_quotes_FL_BCH_holding_cost_calculations_with_maintenance_test" time="38.468"/>
  <testcase classname="newCar.FL.Acquisition_Quotes_FL_BCH_with_funder_quote_addition_with_maintenance_Test" name="aquisition_quotes_FL_BCH_customer_quote_payment_profile_calculations_with_maintenance_test" time="84.281"/>
  <testcase classname="newCar.FL.Acquisition_Quotes_FL_BCH_with_funder_quote_addition_with_maintenance_Test" name="aquisition_quotes_FL_BCH_quote_summary_values_verification_with_maintenance_test" time="228.671"/>
  <testcase classname="newCar.HPNR.Acquisition_Quotes_HPNR_BCH_with_maintenance_Test" name="aquisition_quotes_HPNR_BCH_OTR_calculation_with_maintenance_test" time="115.665"/>
  <testcase classname="newCar.HPNR.Acquisition_Quotes_HPNR_BCH_with_maintenance_Test" name="aquisition_quotes_HPNR_BCH_after_discount_calculations_with_maintenance_test" time="4.032"/>
  <testcase classname="newCar.HPNR.Acquisition_Quotes_HPNR_BCH_with_maintenance_Test" name="aquisition_quotes_HPNR_BCH_other_support_check_with_maintenance_test" time="21.658"/>
  <testcase classname="newCar.HPNR.Acquisition_Quotes_HPNR_BCH_with_maintenance_Test" name="aquisition_quotes_HPNR_BCH_holding_cost_calculations_with_maintenance_test" time="79.07"/>
  <testcase classname="newCar.HPNR.Acquisition_Quotes_HPNR_BCH_with_maintenance_Test" name="aquisition_quotes_HPNR_BCH_customer_quote_payment_profile_calculations_with_maintenance_test" time="118.958"/>
  <testcase classname="newCar.HPNR.Acquisition_Quotes_HPNR_BCH_with_maintenance_Test" name="aquisition_quotes_HPNR_BCH_quote_summary_values_verification_with_maintenance_test" time="268.775"/>
  <testcase classname="newCar.HPNR.Acquisition_Quotes_HPNR_HPNR_with_funder_quote_addition_without_maintenance_Test" name="aquisition_quotes_HPNR_HPNR_OTR_calculation_without_maintenance_test" time="115.487"/>
  <testcase classname="newCar.HPNR.Acquisition_Quotes_HPNR_HPNR_with_funder_quote_addition_without_maintenance_Test" name="aquisition_quotes_HPNR_HPNR_after_discount_calculations_without_maintenance_test" time="3.949"/>
  <testcase classname="newCar.HPNR.Acquisition_Quotes_HPNR_HPNR_with_funder_quote_addition_without_maintenance_Test" name="aquisition_quotes_HPNR_HPNR_holding_cost_calculations_without_maintenance_test" time="22.775"/>
  <testcase classname="newCar.HPNR.Acquisition_Quotes_HPNR_HPNR_with_funder_quote_addition_without_maintenance_Test" name="aquisition_quotes_HPNR_HPNR_customer_quote_calculations_check_monthly_finance_payment_without_maintenance_test" time="46.228"/>
  <testcase classname="newCar.HPNR.Acquisition_Quotes_HPNR_HPNR_with_funder_quote_addition_without_maintenance_Test" name="aquisition_quotes_HPNR_HPNR_customer_quote_monthly_finance_payment_after_balloon_payment_off_without_maintenance_test" time="19.978"/>
  <testcase classname="newCar.HPNR.Acquisition_Quotes_HPNR_HPNR_with_funder_quote_addition_without_maintenance_Test" name="aquisition_quotes_HPNR_HPNR_quote_summary_values_verification_without_maintenance_test" time="210.515"/>
  <testcase classname="newCar.HPNR.Acquisition_Quotes_HPNR_FL_with_funder_quote_addition_with_maintenance_Test" name="aquisition_quotes_HPNR_FL_OTR_calculation_with_maintenance_test" time="115.46"/>
  <testcase classname="newCar.HPNR.Acquisition_Quotes_HPNR_FL_with_funder_quote_addition_with_maintenance_Test" name="aquisition_quotes_HPNR_FL_after_discount_calculations_with_maintenance_test" time="3.961"/>
  <testcase classname="newCar.HPNR.Acquisition_Quotes_HPNR_FL_with_funder_quote_addition_with_maintenance_Test" name="aquisition_quotes_HPNR_FL_holding_cost_calculations_with_maintenance_test" time="39.945"/>
  <testcase classname="newCar.HPNR.Acquisition_Quotes_HPNR_FL_with_funder_quote_addition_with_maintenance_Test" name="aquisition_quotes_HPNR_FL_customer_quote_payment_profile_calculations_with_maintenance_test" time="259.2"/>
  <testcase classname="newCar.HPNR.Acquisition_Quotes_HPNR_FL_with_funder_quote_addition_with_maintenance_Test" name="aquisition_quotes_HPNR_FL_quote_summary_values_verification_with_maintenance_test" time="206.1"/>
  <testcase classname="newCar.FL.Acquisition_Quotes_FL_PCH_with_maintenance_Test" name="aquisition_quotes_FL_PCH_OTR_calculation_with_maintenance_test" time="114.668"/>
  <testcase classname="newCar.FL.Acquisition_Quotes_FL_PCH_with_maintenance_Test" name="aquisition_quotes_FL_PCH_after_discount_calculations_with_maintenance_test" time="3.979"/>
  <testcase classname="newCar.FL.Acquisition_Quotes_FL_PCH_with_maintenance_Test" name="aquisition_quotes_FL_PCH_holding_cost_calculations_with_maintenance_test" time="72.665"/>
  <testcase classname="newCar.FL.Acquisition_Quotes_FL_PCH_with_maintenance_Test" name="aquisition_quotes_FL_PCH_customer_quote_payment_profile_calculations_with_maintenance_test" time="108.868"/>
  <testcase classname="newCar.FL.Acquisition_Quotes_FL_PCH_with_maintenance_Test" name="aquisition_quotes_FL_PCH_quote_summary_values_verification_with_maintenance_test" time="251.078"/>
  <testcase classname="newCar.HPNR.Acquisition_Quotes_HPNR_HPNR_without_maintenance_Test" name="aquisition_quotes_HPNR_HPNR_OTR_calculation_without_maintenance_test" time="115.12"/>
  <testcase classname="newCar.HPNR.Acquisition_Quotes_HPNR_HPNR_without_maintenance_Test" name="aquisition_quotes_HPNR_HPNR_after_discount_calculations_without_maintenance_test" time="3.951"/>
  <testcase classname="newCar.HPNR.Acquisition_Quotes_HPNR_HPNR_without_maintenance_Test" name="aquisition_quotes_HPNR_HPNR_holding_cost_calculations_without_maintenance_test" time="45.165"/>
  <testcase classname="newCar.HPNR.Acquisition_Quotes_HPNR_HPNR_without_maintenance_Test" name="aquisition_quotes_HPNR_HPNR_customer_quote_calculations_check_monthly_finance_payment_without_maintenance_test" time="101.664"/>
  <testcase classname="newCar.HPNR.Acquisition_Quotes_HPNR_HPNR_without_maintenance_Test" name="aquisition_quotes_HPNR_HPNR_customer_quote_vehicle_profit_edit_check_without_maintenance_test" time="46.518"/>
  <testcase classname="newCar.HPNR.Acquisition_Quotes_HPNR_HPNR_without_maintenance_Test" name="aquisition_quotes_HPNR_HPNR_customer_quote_part_exchange_value_edit_check_without_maintenance_test" time="59.238"/>
  <testcase classname="newCar.HPNR.Acquisition_Quotes_HPNR_HPNR_without_maintenance_Test" name="aquisition_quotes_HPNR_HPNR_customer_quote_monthly_finance_payment_after_balloon_payment_off_without_maintenance_test" time="18.885"/>
  <testcase classname="newCar.HPNR.Acquisition_Quotes_HPNR_HPNR_without_maintenance_Test" name="aquisition_quotes_HPNR_HPNR_quote_summary_values_verification_without_maintenance_test" time="254.688"/>
  <testcase classname="newCar.FL.Acquisition_Quotes_FL_FL_with_maintenance_Test" name="aquisition_quotes_FL_FL_OTR_calculation_with_maintenance_test" time="116.337"/>
  <testcase classname="newCar.FL.Acquisition_Quotes_FL_FL_with_maintenance_Test" name="aquisition_quotes_FL_FL_after_discount_calculations_with_maintenance_test" time="3.979"/>
  <testcase classname="newCar.FL.Acquisition_Quotes_FL_FL_with_maintenance_Test" name="aquisition_quotes_FL_FL_holding_cost_calculations_with_maintenance_test" time="71.767"/>
  <testcase classname="newCar.FL.Acquisition_Quotes_FL_FL_with_maintenance_Test" name="aquisition_quotes_FL_FL_customer_quote_payment_profile_calculations_with_maintenance_test" time="131.402"/>
  <testcase classname="newCar.FL.Acquisition_Quotes_FL_FL_with_maintenance_Test" name="aquisition_quotes_FL_FL_quote_summary_values_verification_with_maintenance_test" time="255.061"/>
[...]
    <ignored/>
  </testcase> <!-- @AfterSuite end -->
  <testcase classname="com.amt.testBase.TestBase" name="@AfterSuite end" time="0.0">
    <ignored/>
  </testcase> <!-- @AfterSuite end -->
  <testcase classname="com.amt.testBase.TestBase" name="@AfterSuite end" time="0.0">
    <ignored/>
  </testcase> <!-- @AfterSuite end -->
  <testcase classname="com.amt.testBase.TestBase" name="@AfterSuite end" time="0.0">
    <ignored/>
  </testcase> <!-- @AfterSuite end -->
  <testcase classname="com.amt.testBase.TestBase" name="@AfterSuite end" time="0.0">
    <ignored/>
  </testcase> <!-- @AfterSuite end -->
  <testcase classname="com.amt.testBase.TestBase" name="@AfterSuite end" time="0.0">
    <ignored/>
  </testcase> <!-- @AfterSuite end -->
  <testcase classname="com.amt.testBase.TestBase" name="@AfterSuite end" time="0.0">
    <ignored/>
  </testcase> <!-- @AfterSuite end -->
  <testcase classname="com.amt.testBase.TestBase" name="@AfterSuite end" time="0.0">
    <ignored/>
  </testcase> <!-- @AfterSuite end -->
  <testcase classname="com.amt.testBase.TestBase" name="@AfterSuite end" time="0.0">
    <ignored/>
  </testcase> <!-- @AfterSuite end -->
  <testcase classname="com.amt.testBase.TestBase" name="@AfterSuite end" time="0.0">
    <ignored/>
  </testcase> <!-- @AfterSuite end -->
  <testcase classname="com.amt.testBase.TestBase" name="@AfterSuite end" time="0.0">
    <ignored/>
  </testcase> <!-- @AfterSuite end -->
  <testcase classname="com.amt.testBase.TestBase" name="@AfterSuite end" time="0.0">
    <ignored/>
  </testcase> <!-- @AfterSuite end -->
  <testcase classname="com.amt.testBase.TestBase" name="@AfterSuite end" time="0.0">
    <ignored/>
  </testcase> <!-- @AfterSuite end -->
  <testcase classname="com.amt.testBase.TestBase" name="@AfterSuite end" time="0.0">
    <ignored/>
  </testcase> <!-- @AfterSuite end -->
  <testcase classname="com.amt.testBase.TestBase" name="@AfterSuite end" time="0.0">
    <ignored/>
  </testcase> <!-- @AfterSuite end -->
  <testcase classname="com.amt.testBase.TestBase" name="@AfterSuite end" time="0.0">
    <ignored/>
  </testcase> <!-- @AfterSuite end -->
  <testcase classname="com.amt.testBase.TestBase" name="@AfterSuite end" time="0.0">
    <ignored/>
  </testcase> <!-- @AfterSuite end -->
  <testcase classname="com.amt.testBase.TestBase" name="@AfterSuite end" time="0.0">
    <ignored/>
  </testcase> <!-- @AfterSuite end -->
  <testcase classname="com.amt.testBase.TestBase" name="@AfterSuite end" time="0.0">
    <ignored/>
  </testcase> <!-- @AfterSuite end -->
  <testcase classname="com.amt.testBase.TestBase" name="@AfterSuite end" time="0.0">
    <ignored/>
  </testcase> <!-- @AfterSuite end -->
  <testcase classname="com.amt.testBase.TestBase" name="@AfterSuite end" time="0.0">
    <ignored/>
  </testcase> <!-- @AfterSuite end -->
  <testcase classname="com.amt.testBase.TestBase" name="@AfterSuite end" time="0.0">
    <ignored/>
  </testcase> <!-- @AfterSuite end -->
  <testcase classname="com.amt.testBase.TestBase" name="@AfterSuite end" time="0.0">
    <ignored/>
  </testcase> <!-- @AfterSuite end -->
  <testcase classname="com.amt.testBase.TestBase" name="@AfterSuite end" time="0.0">
    <ignored/>
  </testcase> <!-- @AfterSuite end -->
  <testcase classname="com.amt.testBase.TestBase" name="@AfterSuite end" time="0.0">
    <ignored/>
  </testcase> <!-- @AfterSuite end -->
  <testcase classname="com.amt.testBase.TestBase" name="@AfterSuite end" time="0.0">
    <ignored/>
  </testcase> <!-- @AfterSuite end -->
  <testcase classname="com.amt.testBase.TestBase" name="@AfterSuite end" time="0.0">
    <ignored/>
  </testcase> <!-- @AfterSuite end -->
  <testcase classname="com.amt.testBase.TestBase" name="@AfterSuite end" time="0.0">
    <ignored/>
  </testcase> <!-- @AfterSuite end -->
  <testcase classname="com.amt.testBase.TestBase" name="@AfterSuite end" time="0.0">
    <ignored/>
  </testcase> <!-- @AfterSuite end -->
  <testcase classname="com.amt.testBase.TestBase" name="@AfterSuite end" time="0.0">
    <ignored/>
  </testcase> <!-- @AfterSuite end -->
  <testcase classname="com.amt.testBase.TestBase" name="@AfterSuite end" time="0.0">
    <ignored/>
  </testcase> <!-- @AfterSuite end -->
  <testcase classname="com.amt.testBase.TestBase" name="@AfterSuite end" time="0.0">
    <ignored/>
  </testcase> <!-- @AfterSuite end -->
  <testcase classname="com.amt.testBase.TestBase" name="@AfterSuite end" time="0.0">
    <ignored/>
  </testcase> <!-- @AfterSuite end -->
  <testcase classname="com.amt.testBase.TestBase" name="@AfterSuite end" time="0.0">
    <ignored/>
  </testcase> <!-- @AfterSuite end -->
  <testcase classname="com.amt.testBase.TestBase" name="@AfterSuite end" time="0.0">
    <ignored/>
  </testcase> <!-- @AfterSuite end -->
  <testcase classname="com.amt.testBase.TestBase" name="@AfterSuite end" time="0.0">
    <ignored/>
  </testcase> <!-- @AfterSuite end -->
  <testcase classname="com.amt.testBase.TestBase" name="@AfterSuite end" time="0.0">
    <ignored/>
  </testcase> <!-- @AfterSuite end -->
  <testcase classname="com.amt.testBase.TestBase" name="@AfterSuite end" time="0.0">
    <ignored/>
  </testcase> <!-- @AfterSuite end -->
  <testcase classname="com.amt.testBase.TestBase" name="@AfterSuite end" time="0.0">
    <ignored/>
  </testcase> <!-- @AfterSuite end -->
  <testcase classname="com.amt.testBase.TestBase" name="@AfterSuite end" time="0.0">
    <ignored/>
  </testcase> <!-- @AfterSuite end -->
  <testcase classname="com.amt.testBase.TestBase" name="@AfterSuite end" time="0.0">
    <ignored/>
  </testcase> <!-- @AfterSuite end -->
  <testcase classname="com.amt.testBase.TestBase" name="@AfterSuite end" time="0.0">
    <ignored/>
  </testcase> <!-- @AfterSuite end -->
  <testcase classname="com.amt.testBase.TestBase" name="@AfterSuite end" time="0.0">
    <ignored/>
  </testcase> <!-- @AfterSuite end -->
  <testcase classname="com.amt.testBase.TestBase" name="@AfterSuite end" time="0.0">
    <ignored/>
  </testcase> <!-- @AfterSuite end -->
  <testcase classname="com.amt.testBase.TestBase" name="@AfterSuite end" time="0.0">
    <ignored/>
  </testcase> <!-- @AfterSuite end -->
  <testcase classname="com.amt.testBase.TestBase" name="@AfterSuite end" time="0.0">
    <ignored/>
  </testcase> <!-- @AfterSuite end -->
  <testcase classname="com.amt.testBase.TestBase" name="@AfterSuite end" time="0.0">
    <ignored/>
  </testcase> <!-- @AfterSuite end -->
  <testcase classname="com.amt.testBase.TestBase" name="@AfterSuite end" time="0.0">
    <ignored/>
  </testcase> <!-- @AfterSuite end -->
  <testcase classname="com.amt.testBase.TestBase" name="@AfterSuite end" time="0.0">
    <ignored/>
  </testcase> <!-- @AfterSuite end -->
  <testcase classname="com.amt.testBase.TestBase" name="@AfterSuite end" time="0.0">
    <ignored/>
  </testcase> <!-- @AfterSuite end -->
  <testcase classname="com.amt.testBase.TestBase" name="@AfterSuite end" time="0.0">
    <ignored/>
  </testcase> <!-- @AfterSuite end -->
  <testcase classname="com.amt.testBase.TestBase" name="@AfterSuite end" time="0.0">
    <ignored/>
  </testcase> <!-- @AfterSuite end -->
  <testcase classname="com.amt.testBase.TestBase" name="@AfterSuite end" time="0.0">
    <ignored/>
  </testcase> <!-- @AfterSuite end -->
  <testcase classname="com.amt.testBase.TestBase" name="@AfterSuite end" time="0.0">
    <ignored/>
  </testcase> <!-- @AfterSuite end -->
  <testcase classname="com.amt.testBase.TestBase" name="@AfterSuite end" time="0.0">
    <ignored/>
  </testcase> <!-- @AfterSuite end -->
  <testcase classname="com.amt.testBase.TestBase" name="@BeforeTest start_info" time="0.0">
    <ignored/>
  </testcase> <!-- @BeforeTest start_info -->
  <testcase classname="com.amt.testBase.TestBase" name="@BeforeTest start_info" time="0.0">
    <ignored/>
  </testcase> <!-- @BeforeTest start_info -->
  <testcase classname="com.amt.testBase.TestBase" name="@BeforeTest start_info" time="0.0">
    <ignored/>
  </testcase> <!-- @BeforeTest start_info -->
  <testcase classname="com.amt.testBase.TestBase" name="@BeforeTest start_info" time="0.0">
    <ignored/>
  </testcase> <!-- @BeforeTest start_info -->
  <testcase classname="com.amt.testBase.TestBase" name="@BeforeTest start_info" time="0.0">
    <ignored/>
  </testcase> <!-- @BeforeTest start_info -->
  <testcase classname="com.amt.testBase.TestBase" name="@BeforeTest start_info" time="0.0">
    <ignored/>
  </testcase> <!-- @BeforeTest start_info -->
  <testcase classname="com.amt.testBase.TestBase" name="@BeforeTest start_info" time="0.0">
    <ignored/>
  </testcase> <!-- @BeforeTest start_info -->
  <testcase classname="com.amt.testBase.TestBase" name="@BeforeTest start_info" time="0.0">
    <ignored/>
  </testcase> <!-- @BeforeTest start_info -->
  <testcase classname="com.amt.testBase.TestBase" name="@BeforeTest start_info" time="0.0">
    <ignored/>
  </testcase> <!-- @BeforeTest start_info -->
  <testcase classname="com.amt.testBase.TestBase" name="@BeforeTest start_info" time="0.0">
    <ignored/>
  </testcase> <!-- @BeforeTest start_info -->
  <testcase classname="com.amt.testBase.TestBase" name="@BeforeTest start_info" time="0.0">
    <ignored/>
  </testcase> <!-- @BeforeTest start_info -->
  <testcase classname="com.amt.testBase.TestBase" name="@BeforeTest start_info" time="0.0">
    <ignored/>
  </testcase> <!-- @BeforeTest start_info -->
  <testcase classname="com.amt.testBase.TestBase" name="@BeforeTest start_info" time="0.0">
    <ignored/>
  </testcase> <!-- @BeforeTest start_info -->
  <testcase classname="com.amt.testBase.TestBase" name="@BeforeTest start_info" time="0.0">
    <ignored/>
  </testcase> <!-- @BeforeTest start_info -->
  <testcase classname="com.amt.testBase.TestBase" name="@BeforeTest start_info" time="0.0">
    <ignored/>
  </testcase> <!-- @BeforeTest start_info -->
  <testcase classname="com.amt.testBase.TestBase" name="@BeforeTest start_info" time="0.0">
    <ignored/>
  </testcase> <!-- @BeforeTest start_info -->
  <testcase classname="com.amt.testBase.TestBase" name="@BeforeTest start_info" time="0.0">
    <ignored/>
  </testcase> <!-- @BeforeTest start_info -->
  <testcase classname="com.amt.testBase.TestBase" name="@BeforeTest start_info" time="0.0">
    <ignored/>
  </testcase> <!-- @BeforeTest start_info -->
  <testcase classname="com.amt.testBase.TestBase" name="@BeforeTest start_info" time="0.0">
    <ignored/>
  </testcase> <!-- @BeforeTest start_info -->
  <testcase classname="com.amt.testBase.TestBase" name="@BeforeTest start_info" time="0.0">
    <ignored/>
  </testcase> <!-- @BeforeTest start_info -->
  <testcase classname="com.amt.testBase.TestBase" name="@BeforeTest start_info" time="0.0">
    <ignored/>
  </testcase> <!-- @BeforeTest start_info -->
  <testcase classname="com.amt.testBase.TestBase" name="@BeforeTest start_info" time="0.0">
    <ignored/>
  </testcase> <!-- @BeforeTest start_info -->
  <testcase classname="com.amt.testBase.TestBase" name="@BeforeTest start_info" time="0.0">
    <ignored/>
  </testcase> <!-- @BeforeTest start_info -->
  <testcase classname="com.amt.testBase.TestBase" name="@BeforeTest start_info" time="0.0">
    <ignored/>
  </testcase> <!-- @BeforeTest start_info -->
  <testcase classname="com.amt.testBase.TestBase" name="@BeforeTest start_info" time="0.0">
    <ignored/>
  </testcase> <!-- @BeforeTest start_info -->
  <testcase classname="com.amt.testBase.TestBase" name="@BeforeTest start_info" time="0.0">
    <ignored/>
  </testcase> <!-- @BeforeTest start_info -->
  <testcase classname="com.amt.testBase.TestBase" name="@BeforeTest start_info" time="0.0">
    <ignored/>
  </testcase> <!-- @BeforeTest start_info -->
  <testcase classname="com.amt.testBase.TestBase" name="@BeforeTest start_info" time="0.0">
    <ignored/>
  </testcase> <!-- @BeforeTest start_info -->
  <testcase classname="com.amt.testBase.TestBase" name="@BeforeTest start_info" time="0.0">
    <ignored/>
  </testcase> <!-- @BeforeTest start_info -->
  <testcase classname="com.amt.testBase.TestBase" name="@BeforeTest start_info" time="0.0">
    <ignored/>
  </testcase> <!-- @BeforeTest start_info -->
  <testcase classname="com.amt.testBase.TestBase" name="@BeforeTest start_info" time="0.0">
    <ignored/>
  </testcase> <!-- @BeforeTest start_info -->
  <testcase classname="com.amt.testBase.TestBase" name="@BeforeTest start_info" time="0.0">
    <ignored/>
  </testcase> <!-- @BeforeTest start_info -->
  <testcase classname="com.amt.testBase.TestBase" name="@BeforeTest start_info" time="0.0">
    <ignored/>
  </testcase> <!-- @BeforeTest start_info -->
  <testcase classname="com.amt.testBase.TestBase" name="@BeforeTest start_info" time="0.0">
    <ignored/>
  </testcase> <!-- @BeforeTest start_info -->
  <testcase classname="com.amt.testBase.TestBase" name="@BeforeTest start_info" time="0.0">
    <ignored/>
  </testcase> <!-- @BeforeTest start_info -->
  <testcase classname="com.amt.testBase.TestBase" name="@BeforeTest start_info" time="0.0">
    <ignored/>
  </testcase> <!-- @BeforeTest start_info -->
  <testcase classname="com.amt.testBase.TestBase" name="@BeforeTest start_info" time="0.0">
    <ignored/>
  </testcase> <!-- @BeforeTest start_info -->
  <testcase classname="com.amt.testBase.TestBase" name="@BeforeTest start_info" time="0.0">
    <ignored/>
  </testcase> <!-- @BeforeTest start_info -->
  <testcase classname="com.amt.testBase.TestBase" name="@BeforeTest start_info" time="0.0">
    <ignored/>
  </testcase> <!-- @BeforeTest start_info -->
  <testcase classname="com.amt.testBase.TestBase" name="@BeforeTest start_info" time="0.0">
    <ignored/>
  </testcase> <!-- @BeforeTest start_info -->
  <testcase classname="com.amt.testBase.TestBase" name="@BeforeTest start_info" time="0.0">
    <ignored/>
  </testcase> <!-- @BeforeTest start_info -->
  <testcase classname="com.amt.testBase.TestBase" name="@BeforeTest start_info" time="0.0">
    <ignored/>
  </testcase> <!-- @BeforeTest start_info -->
  <testcase classname="com.amt.testBase.TestBase" name="@BeforeTest start_info" time="0.0">
    <ignored/>
  </testcase> <!-- @BeforeTest start_info -->
  <testcase classname="com.amt.testBase.TestBase" name="@BeforeTest start_info" time="0.0">
    <ignored/>
  </testcase> <!-- @BeforeTest start_info -->
  <testcase classname="com.amt.testBase.TestBase" name="@BeforeTest start_info" time="0.0">
    <ignored/>
  </testcase> <!-- @BeforeTest start_info -->
  <testcase classname="com.amt.testBase.TestBase" name="@BeforeTest start_info" time="0.0">
    <ignored/>
  </testcase> <!-- @BeforeTest start_info -->
  <testcase classname="com.amt.testBase.TestBase" name="@BeforeTest start_info" time="0.0">
    <ignored/>
  </testcase> <!-- @BeforeTest start_info -->
  <testcase classname="com.amt.testBase.TestBase" name="@BeforeTest start_info" time="0.0">
    <ignored/>
  </testcase> <!-- @BeforeTest start_info -->
  <testcase classname="com.amt.testBase.TestBase" name="@BeforeTest start_info" time="0.0">
    <ignored/>
  </testcase> <!-- @BeforeTest start_info -->
  <testcase classname="com.amt.testBase.TestBase" name="@BeforeTest start_info" time="0.0">
    <ignored/>
  </testcase> <!-- @BeforeTest start_info -->
  <testcase classname="com.amt.testBase.TestBase" name="@BeforeTest start_info" time="0.0">
    <ignored/>
  </testcase> <!-- @BeforeTest start_info -->
  <testcase classname="com.amt.testBase.TestBase" name="@BeforeTest start_info" time="0.0">
    <ignored/>
  </testcase> <!-- @BeforeTest start_info -->
  <testcase classname="com.amt.testBase.TestBase" name="@BeforeTest start_info" time="0.0">
    <ignored/>
  </testcase> <!-- @BeforeTest start_info -->
  <testcase classname="com.amt.testBase.TestBase" name="@BeforeTest start_info" time="0.0">
    <ignored/>
  </testcase> <!-- @BeforeTest start_info -->
  <testcase classname="com.amt.testBase.TestBase" name="@BeforeTest start_info" time="0.0">
    <ignored/>
  </testcase> <!-- @BeforeTest start_info -->
  <testcase classname="com.amt.testBase.TestBase" name="@BeforeTest start_info" time="0.0">
    <ignored/>
  </testcase> <!-- @BeforeTest start_info -->
  <testcase classname="com.amt.testBase.TestBase" name="@BeforeTest start_info" time="0.0">
    <ignored/>
  </testcase> <!-- @BeforeTest start_info -->
  <testcase classname="com.amt.testBase.TestBase" name="@BeforeTest start_info" time="0.0">
    <ignored/>
  </testcase> <!-- @BeforeTest start_info -->
  <testcase classname="com.amt.testBase.TestBase" name="@BeforeTest start_info" time="0.0">
    <ignored/>
  </testcase> <!-- @BeforeTest start_info -->
  <testcase classname="com.amt.testBase.TestBase" name="@BeforeTest start_info" time="0.0">
    <ignored/>
  </testcase> <!-- @BeforeTest start_info -->
  <testcase classname="com.amt.testBase.TestBase" name="@BeforeTest start_info" time="0.0">
    <ignored/>
  </testcase> <!-- @BeforeTest start_info -->
  <testcase classname="com.amt.testBase.TestBase" name="@BeforeTest start_info" time="0.0">
    <ignored/>
  </testcase> <!-- @BeforeTest start_info -->
  <testcase classname="com.amt.testBase.TestBase" name="@BeforeTest start_info" time="0.0">
    <ignored/>
  </testcase> <!-- @BeforeTest start_info -->
  <testcase classname="com.amt.testBase.TestBase" name="@BeforeTest start_info" time="0.0">
    <ignored/>
  </testcase> <!-- @BeforeTest start_info -->
  <testcase classname="com.amt.testBase.TestBase" name="@BeforeTest start_info" time="0.0">
    <ignored/>
  </testcase> <!-- @BeforeTest start_info -->
  <testcase classname="com.amt.testBase.TestBase" name="@BeforeTest start_info" time="0.0">
    <ignored/>
  </testcase> <!-- @BeforeTest start_info -->
  <testcase classname="com.amt.testBase.TestBase" name="@BeforeTest start_info" time="0.0">
    <ignored/>
  </testcase> <!-- @BeforeTest start_info -->
  <testcase classname="com.amt.testBase.TestBase" name="@BeforeTest start_info" time="0.0">
    <ignored/>
  </testcase> <!-- @BeforeTest start_info -->
  <testcase classname="com.amt.testBase.TestBase" name="@BeforeTest start_info" time="0.0">
    <ignored/>
  </testcase> <!-- @BeforeTest start_info -->
  <testcase classname="com.amt.testBase.TestBase" name="@BeforeTest start_info" time="0.0">
    <ignored/>
  </testcase> <!-- @BeforeTest start_info -->
  <testcase classname="com.amt.testBase.TestBase" name="@BeforeTest start_info" time="0.0">
    <ignored/>
  </testcase> <!-- @BeforeTest start_info -->
  <testcase classname="com.amt.testBase.TestBase" name="@BeforeTest start_info" time="0.0">
    <ignored/>
  </testcase> <!-- @BeforeTest start_info -->
  <testcase classname="com.amt.testBase.TestBase" name="@BeforeTest start_info" time="0.0">
    <ignored/>
  </testcase> <!-- @BeforeTest start_info -->
  <testcase classname="com.amt.testBase.TestBase" name="@BeforeTest start_info" time="0.0">
    <ignored/>
  </testcase> <!-- @BeforeTest start_info -->
  <testcase classname="com.amt.testBase.TestBase" name="@BeforeTest start_info" time="0.0">
    <ignored/>
  </testcase> <!-- @BeforeTest start_info -->
  <testcase classname="com.amt.testBase.TestBase" name="@BeforeTest start_info" time="0.0">
    <ignored/>
  </testcase> <!-- @BeforeTest start_info -->
  <testcase classname="com.amt.testBase.TestBase" name="@BeforeTest start_info" time="0.0">
    <ignored/>
  </testcase> <!-- @BeforeTest start_info -->
  <testcase classname="com.amt.testBase.TestBase" name="@BeforeTest start_info" time="0.0">
    <ignored/>
  </testcase> <!-- @BeforeTest start_info -->
  <testcase classname="com.amt.testBase.TestBase" name="@BeforeTest start_info" time="0.0">
    <ignored/>
  </testcase> <!-- @BeforeTest start_info -->
  <testcase classname="com.amt.testBase.TestBase" name="@BeforeTest start_info" time="0.0">
    <ignored/>
  </testcase> <!-- @BeforeTest start_info -->
  <testcase classname="com.amt.testBase.TestBase" name="@BeforeTest start_info" time="0.0">
    <ignored/>
  </testcase> <!-- @BeforeTest start_info -->
</testsuite> <!-- Acquisition New Car -->
